[16:05:44] [main/DEBUG] [FML/]: Injecting tracing printstreams for STDOUT/STDERR.
[16:05:44] [main/INFO] [FML/]: Loading Modificated FML for Metro Project.
[16:05:44] [main/INFO] [FML/]: Java is Java HotSpot(TM) 64-Bit Server VM, version 1.8.0_341, running on Windows 10:amd64:10.0, installed at C:\Program Files\Java\jre1.8.0_341
[16:05:44] [main/DEBUG] [FML/]: Java classpath at launch is D:\_metroproject\_metroproject\_metroclient\bin\main;D:\_metroproject\_metroproject\_metroclient\bin\default;D:\_metroproject\_metroproject\_metroblocks\bin\main;D:\_metroproject\_metroproject\_metroblocks\bin\default;D:\_metroproject\_metroproject\_metroclient\libraries\com\google\code\findbugs\jsr305-3.0.1-sources.jar;D:\_metroproject\_metroproject\_metroclient\libraries\com\google\code\findbugs\jsr305-3.0.1.jar;D:\_metroproject\_metroproject\_metroclient\libraries\com\google\code\gson\gson\2.2.4\gson-2.2.4.jar;D:\_metroproject\_metroproject\_metroclient\libraries\com\google\guava\guava\17.0\guava-17.0.jar;D:\_metroproject\_metroproject\_metroclient\libraries\com\ibm\icu\icu4j-core-mojang\51.2\icu4j-core-mojang-51.2.jar;D:\_metroproject\_metroproject\_metroclient\libraries\com\mojang\authlib\1.5.21\authlib-1.5.21.jar;D:\_metroproject\_metroproject\_metroclient\libraries\com\mojang\netty\1.6\netty-1.6.jar;D:\_metroproject\_metroproject\_metroclient\libraries\com\mojang\realms\1.3.5\realms-1.3.5.jar;D:\_metroproject\_metroproject\_metroclient\libraries\com\paulscode\codecjorbis\20101023\codecjorbis-20101023.jar;D:\_metroproject\_metroproject\_metroclient\libraries\com\paulscode\codecwav\20101023\codecwav-20101023.jar;D:\_metroproject\_metroproject\_metroclient\libraries\com\paulscode\libraryjavasound\20101123\libraryjavasound-20101123.jar;D:\_metroproject\_metroproject\_metroclient\libraries\com\paulscode\librarylwjglopenal\20100824\librarylwjglopenal-20100824.jar;D:\_metroproject\_metroproject\_metroclient\libraries\com\paulscode\soundsystem\20120107\soundsystem-20120107.jar;D:\_metroproject\_metroproject\_metroclient\libraries\com\typesafe\akka\akka-actor_2.11\2.3.3\akka-actor_2.11-2.3.3.jar;D:\_metroproject\_metroproject\_metroclient\libraries\com\typesafe\config\1.2.1\config-1.2.1.jar;D:\_metroproject\_metroproject\_metroclient\libraries\commons-codec\commons-codec\1.9\commons-codec-1.9.jar;D:\_metroproject\_metroproject\_metroclient\libraries\commons-io\commons-io\2.4\commons-io-2.4.jar;D:\_metroproject\_metroproject\_metroclient\libraries\commons-logging\commons-logging\1.1.3\commons-logging-1.1.3.jar;D:\_metroproject\_metroproject\_metroclient\libraries\io\netty\netty-all\4.0.10.Final\netty-all-4.0.10.Final.jar;D:\_metroproject\_metroproject\_metroclient\libraries\jna-5.12.1.jar;D:\_metroproject\_metroproject\_metroclient\libraries\jna-jpms-5.12.1.jar;D:\_metroproject\_metroproject\_metroclient\libraries\lzma\lzma\0.0.1\lzma-0.0.1.jar;D:\_metroproject\_metroproject\_metroclient\libraries\net\java\jinput\jinput\2.0.5\jinput-2.0.5.jar;D:\_metroproject\_metroproject\_metroclient\libraries\net\java\jinput\jinput-platform\2.0.5\jinput-platform-2.0.5-natives-windows.jar;D:\_metroproject\_metroproject\_metroclient\libraries\net\java\jutils\jutils\1.0.0\jutils-1.0.0.jar;D:\_metroproject\_metroproject\_metroclient\libraries\net\minecraft\launchwrapper\1.12\launchwrapper-1.12.jar;D:\_metroproject\_metroproject\_metroclient\libraries\net\sf\jopt-simple\jopt-simple\4.5\jopt-simple-4.5.jar;D:\_metroproject\_metroproject\_metroclient\libraries\net\sf\trove4j\trove4j\3.0.3\trove4j-3.0.3.jar;D:\_metroproject\_metroproject\_metroclient\libraries\org\apache\commons\commons-compress\1.8.1\commons-compress-1.8.1.jar;D:\_metroproject\_metroproject\_metroclient\libraries\org\apache\commons\commons-lang3\3.3.2\commons-lang3-3.3.2.jar;D:\_metroproject\_metroproject\_metroclient\libraries\org\apache\httpcomponents\httpclient\4.3.3\httpclient-4.3.3.jar;D:\_metroproject\_metroproject\_metroclient\libraries\org\apache\httpcomponents\httpcore\4.3.2\httpcore-4.3.2.jar;D:\_metroproject\_metroproject\_metroclient\libraries\org\apache\logging\log4j\log4j-api\2.0-beta9\log4j-api-2.0-beta9.jar;D:\_metroproject\_metroproject\_metroclient\libraries\org\apache\logging\log4j\log4j-core\2.0-beta9\log4j-core-2.0-beta9.jar;D:\_metroproject\_metroproject\_metroclient\libraries\org\lwjgl\lwjgl\lwjgl\2.9.4\lwjgl-2.9.4-nightly-20150209.jar;D:\_metroproject\_metroproject\_metroclient\libraries\org\lwjgl\lwjgl\lwjgl-platform\2.9.4\lwjgl-platform-2.9.4-nightly-20150209-natives-windows.jar;D:\_metroproject\_metroproject\_metroclient\libraries\org\lwjgl\lwjgl\lwjgl_util\2.9.4\lwjgl_util-2.9.4-nightly-20150209.jar;D:\_metroproject\_metroproject\_metroclient\libraries\org\ow2\asm\asm-all\5.0.3\asm-debug-all-5.2.jar;D:\_metroproject\_metroproject\_metroclient\libraries\org\scala-lang\plugins\scala-continuations-library_2.11\1.0.2\scala-continuations-library_2.11-1.0.2.jar;D:\_metroproject\_metroproject\_metroclient\libraries\org\scala-lang\plugins\scala-continuations-plugin_2.11.1\1.0.2\scala-continuations-plugin_2.11.1-1.0.2.jar;D:\_metroproject\_metroproject\_metroclient\libraries\org\scala-lang\scala-actors-migration_2.11\1.1.0\scala-actors-migration_2.11-1.1.0.jar;D:\_metroproject\_metroproject\_metroclient\libraries\org\scala-lang\scala-actors-migration_2.11\scala-actors.jar;D:\_metroproject\_metroproject\_metroclient\libraries\org\scala-lang\scala-compiler\2.11.1\scala-compiler-2.11.1.jar;D:\_metroproject\_metroproject\_metroclient\libraries\org\scala-lang\scala-library\2.11.1\scala-library-2.11.1.jar;D:\_metroproject\_metroproject\_metroclient\libraries\org\scala-lang\scala-parser-combinators_2.11\1.0.1\scala-parser-combinators_2.11-1.0.1.jar;D:\_metroproject\_metroproject\_metroclient\libraries\org\scala-lang\scala-reflect\2.11.1\scala-reflect-2.11.1.jar;D:\_metroproject\_metroproject\_metroclient\libraries\org\scala-lang\scala-swing_2.11\1.0.1\scala-swing_2.11-1.0.1.jar;D:\_metroproject\_metroproject\_metroclient\libraries\org\scala-lang\scala-xml_2.11\1.0.2\scala-xml_2.11-1.0.2.jar;D:\_metroproject\_metroproject\_metroclient\libraries\tv\twitch\twitch\5.16\twitch-5.16.jar;D:\_metroproject\_metroproject\_metroclient\libraries\tv\twitch\twitch-external-platform\4.5\twitch-external-platform-4.5-natives-windows-64.jar;D:\_metroproject\_metroproject\_metroclient\libraries\tv\twitch\twitch-platform\5.16\twitch-platform-5.16-natives-windows-64.jar;D:\_metroproject\_metroproject\_metroclient\libraries\vecmath-1.5.2.jar
[16:05:44] [main/DEBUG] [FML/]: Java library path at launch is D:\_metroproject\_metroproject\_metroclient\native
[16:05:44] [main/INFO] [FML/]: Managed to load a deobfuscated Minecraft name- we are in a deobfuscated environment. Skipping runtime deobfuscation
[16:05:44] [main/DEBUG] [FML/]: Instantiating coremod class FMLCorePlugin
[16:05:44] [main/DEBUG] [FML/]: Added access transformer class cpw.mods.fml.common.asm.transformers.AccessTransformer to enqueued access transformers
[16:05:44] [main/DEBUG] [FML/]: Enqueued coremod FMLCorePlugin
[16:05:44] [main/DEBUG] [FML/]: Instantiating coremod class FMLForgePlugin
[16:05:44] [main/DEBUG] [FML/]: Added access transformer class net.minecraftforge.transformers.ForgeAccessTransformer to enqueued access transformers
[16:05:44] [main/DEBUG] [FML/]: Enqueued coremod FMLForgePlugin
[16:05:44] [main/DEBUG] [FML/]: All fundamental core mods are successfully located
[16:05:44] [main/DEBUG] [FML/]: Attempting to load commandline specified mods, relative to D:\_metroproject\_metroproject\_metroclient\run\.
[16:05:44] [main/DEBUG] [FML/]: Discovering coremods
[16:05:44] [main/INFO] [LaunchWrapper/]: Calling tweak class optifine.OptiFineForgeTweaker
[16:05:44] [main/INFO] [STDOUT/]: [optifine.OptiFineForgeTweaker:dbg:33]: OptiFineForgeTweaker: acceptOptions
[16:05:44] [main/INFO] [STDOUT/]: [optifine.OptiFineForgeTweaker:dbg:33]: OptiFineForgeTweaker: injectIntoClassLoader
[16:05:44] [main/INFO] [STDOUT/]: [optifine.OptiFineClassTransformer:dbg:142]: OptiFine ClassTransformer
[16:05:44] [main/INFO] [STDERR/]: [java.lang.Throwable$WrappedPrintStream:println:-1]: java.io.FileNotFoundException: D:\_metroproject\_metroproject\_metroclient\bin\main (Отказано в доступе)
[16:05:44] [main/INFO] [STDERR/]: [java.lang.Throwable$WrappedPrintStream:println:-1]: 	at java.util.zip.ZipFile.open(Native Method)
[16:05:44] [main/INFO] [STDERR/]: [java.lang.Throwable$WrappedPrintStream:println:-1]: 	at java.util.zip.ZipFile.<init>(Unknown Source)
[16:05:44] [main/INFO] [STDERR/]: [java.lang.Throwable$WrappedPrintStream:println:-1]: 	at java.util.zip.ZipFile.<init>(Unknown Source)
[16:05:44] [main/INFO] [STDERR/]: [java.lang.Throwable$WrappedPrintStream:println:-1]: 	at java.util.zip.ZipFile.<init>(Unknown Source)
[16:05:44] [main/INFO] [STDERR/]: [java.lang.Throwable$WrappedPrintStream:println:-1]: 	at optifine.OptiFineClassTransformer.<init>(OptiFineClassTransformer.java:29)
[16:05:44] [main/INFO] [STDERR/]: [java.lang.Throwable$WrappedPrintStream:println:-1]: 	at sun.reflect.NativeConstructorAccessorImpl.newInstance0(Native Method)
[16:05:44] [main/INFO] [STDERR/]: [java.lang.Throwable$WrappedPrintStream:println:-1]: 	at sun.reflect.NativeConstructorAccessorImpl.newInstance(Unknown Source)
[16:05:44] [main/INFO] [STDERR/]: [java.lang.Throwable$WrappedPrintStream:println:-1]: 	at sun.reflect.DelegatingConstructorAccessorImpl.newInstance(Unknown Source)
[16:05:44] [main/INFO] [STDERR/]: [java.lang.Throwable$WrappedPrintStream:println:-1]: 	at java.lang.reflect.Constructor.newInstance(Unknown Source)
[16:05:44] [main/INFO] [STDERR/]: [java.lang.Throwable$WrappedPrintStream:println:-1]: 	at java.lang.Class.newInstance(Unknown Source)
[16:05:44] [main/INFO] [STDERR/]: [java.lang.Throwable$WrappedPrintStream:println:-1]: 	at net.minecraft.launchwrapper.LaunchClassLoader.registerTransformer(LaunchClassLoader.java:88)
[16:05:44] [main/INFO] [STDERR/]: [java.lang.Throwable$WrappedPrintStream:println:-1]: 	at optifine.OptiFineForgeTweaker.injectIntoClassLoader(OptiFineForgeTweaker.java:18)
[16:05:44] [main/INFO] [STDERR/]: [java.lang.Throwable$WrappedPrintStream:println:-1]: 	at net.minecraft.launchwrapper.Launch.launch(Launch.java:115)
[16:05:44] [main/INFO] [STDERR/]: [java.lang.Throwable$WrappedPrintStream:println:-1]: 	at net.minecraft.launchwrapper.Launch.main(Launch.java:28)
[16:05:44] [main/INFO] [STDOUT/]: [optifine.OptiFineClassTransformer:dbg:142]: *** Can not find the OptiFine JAR in the classpath ***
[16:05:44] [main/INFO] [STDOUT/]: [optifine.OptiFineClassTransformer:dbg:142]: *** OptiFine will not be loaded! ***
[16:05:44] [main/INFO] [LaunchWrapper/]: Loading tweak class name cpw.mods.fml.common.launcher.FMLInjectionAndSortingTweaker
[16:05:44] [main/INFO] [LaunchWrapper/]: Loading tweak class name cpw.mods.fml.common.launcher.FMLDeobfTweaker
[16:05:44] [main/INFO] [LaunchWrapper/]: Calling tweak class cpw.mods.fml.common.launcher.FMLInjectionAndSortingTweaker
[16:05:44] [main/INFO] [LaunchWrapper/]: Calling tweak class cpw.mods.fml.common.launcher.FMLInjectionAndSortingTweaker
[16:05:44] [main/INFO] [LaunchWrapper/]: Calling tweak class cpw.mods.fml.relauncher.CoreModManager$FMLPluginWrapper
[16:05:44] [main/DEBUG] [FML/]: Injecting coremod FMLCorePlugin {cpw.mods.fml.relauncher.FMLCorePlugin} class transformers
[16:05:44] [main/TRACE] [FML/]: Registering transformer cpw.mods.fml.common.asm.transformers.MarkerTransformer
[16:05:44] [main/TRACE] [FML/]: Registering transformer cpw.mods.fml.common.asm.transformers.SideTransformer
[16:05:44] [main/TRACE] [FML/]: Registering transformer cpw.mods.fml.common.asm.transformers.EventSubscriptionTransformer
[16:05:44] [main/DEBUG] [FML/]: Injection complete
[16:05:44] [main/DEBUG] [FML/]: Running coremod plugin for FMLCorePlugin {cpw.mods.fml.relauncher.FMLCorePlugin}
[16:05:44] [main/DEBUG] [FML/]: Running coremod plugin FMLCorePlugin
[16:05:45] [main/ERROR] [FML/]: The binary patch set is missing. Either you are in a development environment, or things are not going to work!
[16:05:47] [main/DEBUG] [FML/]: Coremod plugin class FMLCorePlugin run successfully
[16:05:47] [main/INFO] [LaunchWrapper/]: Calling tweak class cpw.mods.fml.relauncher.CoreModManager$FMLPluginWrapper
[16:05:47] [main/DEBUG] [FML/]: Injecting coremod FMLForgePlugin {net.minecraftforge.classloading.FMLForgePlugin} class transformers
[16:05:47] [main/TRACE] [FML/]: Registering transformer net.minecraftforge.classloading.FluidIdTransformer
[16:05:47] [main/DEBUG] [FML/]: Injection complete
[16:05:47] [main/DEBUG] [FML/]: Running coremod plugin for FMLForgePlugin {net.minecraftforge.classloading.FMLForgePlugin}
[16:05:47] [main/DEBUG] [FML/]: Running coremod plugin FMLForgePlugin
[16:05:47] [main/DEBUG] [FML/]: Coremod plugin class FMLForgePlugin run successfully
[16:05:47] [main/INFO] [LaunchWrapper/]: Calling tweak class cpw.mods.fml.common.launcher.FMLDeobfTweaker
[16:05:47] [main/DEBUG] [FML/]: Loaded 57 rules from AccessTransformer config file fml_at.cfg
[16:05:48] [main/DEBUG] [FML/]: Loaded 89 rules from AccessTransformer config file forge_at.cfg
[16:05:48] [main/DEBUG] [FML/]: Validating minecraft
[16:05:49] [main/DEBUG] [FML/]: Minecraft validated, launching...
[16:05:49] [main/INFO] [LaunchWrapper/]: Loading tweak class name cpw.mods.fml.common.launcher.TerminalTweaker
[16:05:49] [main/INFO] [LaunchWrapper/]: Calling tweak class cpw.mods.fml.common.launcher.TerminalTweaker
[16:05:49] [main/INFO] [STDOUT/]: [optifine.OptiFineForgeTweaker:dbg:33]: OptiFineForgeTweaker: getLaunchArguments
[16:05:49] [main/INFO] [LaunchWrapper/]: Launching wrapped minecraft {net.minecraft.client.main.Main}
[16:05:55] [Client thread/INFO] [shadersmod.common.SMCLog/]: [Shaders] ShadersMod version: 2.4.12
[16:05:55] [Client thread/INFO] [shadersmod.common.SMCLog/]: [Shaders] OpenGL Version: 4.5.13417 Compatibility Profile Context 15.301.1901.0
[16:05:55] [Client thread/INFO] [shadersmod.common.SMCLog/]: [Shaders] Vendor:  ATI Technologies Inc.
[16:05:55] [Client thread/INFO] [shadersmod.common.SMCLog/]: [Shaders] Renderer: AMD Mobility Radeon HD 5000 Series
[16:05:55] [Client thread/INFO] [shadersmod.common.SMCLog/]: [Shaders] Capabilities:  2.0  2.1  3.0  3.2  4.0 
[16:05:55] [Client thread/INFO] [shadersmod.common.SMCLog/]: [Shaders] GL_MAX_DRAW_BUFFERS: 8
[16:05:55] [Client thread/INFO] [shadersmod.common.SMCLog/]: [Shaders] GL_MAX_COLOR_ATTACHMENTS_EXT: 8
[16:05:55] [Client thread/INFO] [shadersmod.common.SMCLog/]: [Shaders] GL_MAX_TEXTURE_IMAGE_UNITS: 18
[16:05:55] [Client thread/INFO] [shadersmod.common.SMCLog/]: [Shaders] Load ShadersMod configuration.
[16:05:55] [Client thread/INFO] [shadersmod.common.SMCLog/]: [Shaders] Loaded shaderpack: (internal)
[16:05:56] [Discord RPC Callback Handler/INFO] [STDOUT/]: [ua.apulaz.discord.DiscordPresence:lambda$0:13]: Has started.
[16:05:56] [Client thread/DEBUG] [FML/]: Bar Finished: Loading Resource - LanguageManager took 0,059s
[16:05:56] [Client thread/INFO] [STDOUT/]: [cpw.mods.fml.client.SplashProgress:start:188]: ---- Minecraft Crash Report ----
// Uh... Did I do that?

Time: 02.02.23 16:05
Description: Loading screen debug info

This is just a prompt for computer specs to be printed. THIS IS NOT A ERROR


A detailed walkthrough of the error, its code path and all known details is as follows:
---------------------------------------------------------------------------------------

-- System Details --
Details:
	Minecraft Version: 1.7.10
	Operating System: Windows 10 (amd64) version 10.0
	Java Version: 1.8.0_341, Oracle Corporation
	Java VM Version: Java HotSpot(TM) 64-Bit Server VM (mixed mode), Oracle Corporation
	Memory: 889201544 bytes (848 MB) / 1029177344 bytes (981 MB) up to 1029177344 bytes (981 MB)
	JVM Flags: 2 total; -Xms1024M -Xmx1024M
	AABB Pool Size: 0 (0 bytes; 0 MB) allocated, 0 (0 bytes; 0 MB) used
	IntCache: cache: 0, tcache: 0, allocated: 0, tallocated: 0
	FML: 
	GL info: ' Vendor: 'ATI Technologies Inc.' Version: '4.5.13417 Compatibility Profile Context 15.301.1901.0' Renderer: 'AMD Mobility Radeon HD 5000 Series'
[16:05:56] [Client thread/INFO] [MinecraftForge/]: Attempting early MinecraftForge initialization
[16:05:56] [Client thread/INFO] [FML/]: MinecraftForge v10.13.4.1614 Initialized
[16:05:56] [Client thread/INFO] [FML/]: Replaced 183 ore recipies
[16:05:57] [Client thread/INFO] [MinecraftForge/]: Completed early MinecraftForge initialization
[16:05:57] [Client thread/DEBUG] [FML/]: File D:\_metroproject\_metroproject\_metroclient\run\config\injectedDependencies.json not found. No dependencies injected
[16:05:57] [Client thread/DEBUG] [FML/]: Building injected Mod Containers [cpw.mods.fml.common.FMLContainer, net.minecraftforge.common.ForgeModContainer]
[16:05:57] [Client thread/DEBUG] [FML/]: Attempting to load mods contained in the minecraft jar file and associated classes
[16:05:57] [Client thread/DEBUG] [FML/]: Found a minecraft related directory at D:\_metroproject\_metroproject\_metroclient\bin\main, examining for mod candidates
[16:05:57] [Client thread/DEBUG] [FML/]: Found a minecraft related directory at D:\_metroproject\_metroproject\_metroclient\bin\default, examining for mod candidates
[16:05:57] [Client thread/DEBUG] [FML/]: Found a minecraft related directory at D:\_metroproject\_metroproject\_metroblocks\bin\main, examining for mod candidates
[16:05:57] [Client thread/DEBUG] [FML/]: Found a minecraft related directory at D:\_metroproject\_metroproject\_metroblocks\bin\default, examining for mod candidates
[16:05:57] [Client thread/DEBUG] [FML/]: Found a minecraft related file at D:\_metroproject\_metroproject\_metroclient\libraries\com\google\code\findbugs\jsr305-3.0.1-sources.jar, examining for mod candidates
[16:05:57] [Client thread/DEBUG] [FML/]: Found a minecraft related file at D:\_metroproject\_metroproject\_metroclient\libraries\com\google\code\findbugs\jsr305-3.0.1.jar, examining for mod candidates
[16:05:57] [Client thread/DEBUG] [FML/]: Found a minecraft related file at D:\_metroproject\_metroproject\_metroclient\libraries\com\google\code\gson\gson\2.2.4\gson-2.2.4.jar, examining for mod candidates
[16:05:57] [Client thread/DEBUG] [FML/]: Found a minecraft related file at D:\_metroproject\_metroproject\_metroclient\libraries\com\google\guava\guava\17.0\guava-17.0.jar, examining for mod candidates
[16:05:57] [Client thread/DEBUG] [FML/]: Found a minecraft related file at D:\_metroproject\_metroproject\_metroclient\libraries\com\ibm\icu\icu4j-core-mojang\51.2\icu4j-core-mojang-51.2.jar, examining for mod candidates
[16:05:57] [Client thread/DEBUG] [FML/]: Found a minecraft related file at D:\_metroproject\_metroproject\_metroclient\libraries\com\mojang\authlib\1.5.21\authlib-1.5.21.jar, examining for mod candidates
[16:05:57] [Client thread/DEBUG] [FML/]: Found a minecraft related file at D:\_metroproject\_metroproject\_metroclient\libraries\com\mojang\netty\1.6\netty-1.6.jar, examining for mod candidates
[16:05:57] [Client thread/DEBUG] [FML/]: Found a minecraft related file at D:\_metroproject\_metroproject\_metroclient\libraries\com\mojang\realms\1.3.5\realms-1.3.5.jar, examining for mod candidates
[16:05:57] [Client thread/DEBUG] [FML/]: Found a minecraft related file at D:\_metroproject\_metroproject\_metroclient\libraries\com\paulscode\codecjorbis\20101023\codecjorbis-20101023.jar, examining for mod candidates
[16:05:57] [Client thread/DEBUG] [FML/]: Found a minecraft related file at D:\_metroproject\_metroproject\_metroclient\libraries\com\paulscode\codecwav\20101023\codecwav-20101023.jar, examining for mod candidates
[16:05:57] [Client thread/DEBUG] [FML/]: Found a minecraft related file at D:\_metroproject\_metroproject\_metroclient\libraries\com\paulscode\libraryjavasound\20101123\libraryjavasound-20101123.jar, examining for mod candidates
[16:05:57] [Client thread/DEBUG] [FML/]: Found a minecraft related file at D:\_metroproject\_metroproject\_metroclient\libraries\com\paulscode\librarylwjglopenal\20100824\librarylwjglopenal-20100824.jar, examining for mod candidates
[16:05:57] [Client thread/DEBUG] [FML/]: Found a minecraft related file at D:\_metroproject\_metroproject\_metroclient\libraries\com\paulscode\soundsystem\20120107\soundsystem-20120107.jar, examining for mod candidates
[16:05:57] [Client thread/DEBUG] [FML/]: Found a minecraft related file at D:\_metroproject\_metroproject\_metroclient\libraries\com\typesafe\akka\akka-actor_2.11\2.3.3\akka-actor_2.11-2.3.3.jar, examining for mod candidates
[16:05:57] [Client thread/DEBUG] [FML/]: Found a minecraft related file at D:\_metroproject\_metroproject\_metroclient\libraries\com\typesafe\config\1.2.1\config-1.2.1.jar, examining for mod candidates
[16:05:57] [Client thread/DEBUG] [FML/]: Found a minecraft related file at D:\_metroproject\_metroproject\_metroclient\libraries\commons-codec\commons-codec\1.9\commons-codec-1.9.jar, examining for mod candidates
[16:05:57] [Client thread/DEBUG] [FML/]: Found a minecraft related file at D:\_metroproject\_metroproject\_metroclient\libraries\commons-io\commons-io\2.4\commons-io-2.4.jar, examining for mod candidates
[16:05:57] [Client thread/DEBUG] [FML/]: Found a minecraft related file at D:\_metroproject\_metroproject\_metroclient\libraries\commons-logging\commons-logging\1.1.3\commons-logging-1.1.3.jar, examining for mod candidates
[16:05:57] [Client thread/DEBUG] [FML/]: Found a minecraft related file at D:\_metroproject\_metroproject\_metroclient\libraries\io\netty\netty-all\4.0.10.Final\netty-all-4.0.10.Final.jar, examining for mod candidates
[16:05:57] [Client thread/DEBUG] [FML/]: Found a minecraft related file at D:\_metroproject\_metroproject\_metroclient\libraries\jna-5.12.1.jar, examining for mod candidates
[16:05:57] [Client thread/DEBUG] [FML/]: Found a minecraft related file at D:\_metroproject\_metroproject\_metroclient\libraries\jna-jpms-5.12.1.jar, examining for mod candidates
[16:05:57] [Client thread/DEBUG] [FML/]: Found a minecraft related file at D:\_metroproject\_metroproject\_metroclient\libraries\lzma\lzma\0.0.1\lzma-0.0.1.jar, examining for mod candidates
[16:05:57] [Client thread/DEBUG] [FML/]: Found a minecraft related file at D:\_metroproject\_metroproject\_metroclient\libraries\net\java\jinput\jinput\2.0.5\jinput-2.0.5.jar, examining for mod candidates
[16:05:57] [Client thread/DEBUG] [FML/]: Found a minecraft related file at D:\_metroproject\_metroproject\_metroclient\libraries\net\java\jinput\jinput-platform\2.0.5\jinput-platform-2.0.5-natives-windows.jar, examining for mod candidates
[16:05:57] [Client thread/DEBUG] [FML/]: Found a minecraft related file at D:\_metroproject\_metroproject\_metroclient\libraries\net\java\jutils\jutils\1.0.0\jutils-1.0.0.jar, examining for mod candidates
[16:05:57] [Client thread/DEBUG] [FML/]: Found a minecraft related file at D:\_metroproject\_metroproject\_metroclient\libraries\net\minecraft\launchwrapper\1.12\launchwrapper-1.12.jar, examining for mod candidates
[16:05:57] [Client thread/DEBUG] [FML/]: Found a minecraft related file at D:\_metroproject\_metroproject\_metroclient\libraries\net\sf\jopt-simple\jopt-simple\4.5\jopt-simple-4.5.jar, examining for mod candidates
[16:05:57] [Client thread/DEBUG] [FML/]: Found a minecraft related file at D:\_metroproject\_metroproject\_metroclient\libraries\net\sf\trove4j\trove4j\3.0.3\trove4j-3.0.3.jar, examining for mod candidates
[16:05:57] [Client thread/DEBUG] [FML/]: Found a minecraft related file at D:\_metroproject\_metroproject\_metroclient\libraries\org\apache\commons\commons-compress\1.8.1\commons-compress-1.8.1.jar, examining for mod candidates
[16:05:57] [Client thread/DEBUG] [FML/]: Found a minecraft related file at D:\_metroproject\_metroproject\_metroclient\libraries\org\apache\commons\commons-lang3\3.3.2\commons-lang3-3.3.2.jar, examining for mod candidates
[16:05:57] [Client thread/DEBUG] [FML/]: Found a minecraft related file at D:\_metroproject\_metroproject\_metroclient\libraries\org\apache\httpcomponents\httpclient\4.3.3\httpclient-4.3.3.jar, examining for mod candidates
[16:05:57] [Client thread/DEBUG] [FML/]: Found a minecraft related file at D:\_metroproject\_metroproject\_metroclient\libraries\org\apache\httpcomponents\httpcore\4.3.2\httpcore-4.3.2.jar, examining for mod candidates
[16:05:57] [Client thread/DEBUG] [FML/]: Found a minecraft related file at D:\_metroproject\_metroproject\_metroclient\libraries\org\apache\logging\log4j\log4j-api\2.0-beta9\log4j-api-2.0-beta9.jar, examining for mod candidates
[16:05:57] [Client thread/DEBUG] [FML/]: Found a minecraft related file at D:\_metroproject\_metroproject\_metroclient\libraries\org\apache\logging\log4j\log4j-core\2.0-beta9\log4j-core-2.0-beta9.jar, examining for mod candidates
[16:05:57] [Client thread/DEBUG] [FML/]: Found a minecraft related file at D:\_metroproject\_metroproject\_metroclient\libraries\org\lwjgl\lwjgl\lwjgl\2.9.4\lwjgl-2.9.4-nightly-20150209.jar, examining for mod candidates
[16:05:57] [Client thread/DEBUG] [FML/]: Found a minecraft related file at D:\_metroproject\_metroproject\_metroclient\libraries\org\lwjgl\lwjgl\lwjgl-platform\2.9.4\lwjgl-platform-2.9.4-nightly-20150209-natives-windows.jar, examining for mod candidates
[16:05:57] [Client thread/DEBUG] [FML/]: Found a minecraft related file at D:\_metroproject\_metroproject\_metroclient\libraries\org\lwjgl\lwjgl\lwjgl_util\2.9.4\lwjgl_util-2.9.4-nightly-20150209.jar, examining for mod candidates
[16:05:57] [Client thread/DEBUG] [FML/]: Found a minecraft related file at D:\_metroproject\_metroproject\_metroclient\libraries\org\ow2\asm\asm-all\5.0.3\asm-debug-all-5.2.jar, examining for mod candidates
[16:05:57] [Client thread/DEBUG] [FML/]: Found a minecraft related file at D:\_metroproject\_metroproject\_metroclient\libraries\org\scala-lang\plugins\scala-continuations-library_2.11\1.0.2\scala-continuations-library_2.11-1.0.2.jar, examining for mod candidates
[16:05:57] [Client thread/DEBUG] [FML/]: Found a minecraft related file at D:\_metroproject\_metroproject\_metroclient\libraries\org\scala-lang\plugins\scala-continuations-plugin_2.11.1\1.0.2\scala-continuations-plugin_2.11.1-1.0.2.jar, examining for mod candidates
[16:05:57] [Client thread/DEBUG] [FML/]: Found a minecraft related file at D:\_metroproject\_metroproject\_metroclient\libraries\org\scala-lang\scala-actors-migration_2.11\1.1.0\scala-actors-migration_2.11-1.1.0.jar, examining for mod candidates
[16:05:57] [Client thread/DEBUG] [FML/]: Found a minecraft related file at D:\_metroproject\_metroproject\_metroclient\libraries\org\scala-lang\scala-actors-migration_2.11\scala-actors.jar, examining for mod candidates
[16:05:57] [Client thread/DEBUG] [FML/]: Found a minecraft related file at D:\_metroproject\_metroproject\_metroclient\libraries\org\scala-lang\scala-compiler\2.11.1\scala-compiler-2.11.1.jar, examining for mod candidates
[16:05:57] [Client thread/DEBUG] [FML/]: Found a minecraft related file at D:\_metroproject\_metroproject\_metroclient\libraries\org\scala-lang\scala-library\2.11.1\scala-library-2.11.1.jar, examining for mod candidates
[16:05:57] [Client thread/DEBUG] [FML/]: Found a minecraft related file at D:\_metroproject\_metroproject\_metroclient\libraries\org\scala-lang\scala-parser-combinators_2.11\1.0.1\scala-parser-combinators_2.11-1.0.1.jar, examining for mod candidates
[16:05:57] [Client thread/DEBUG] [FML/]: Found a minecraft related file at D:\_metroproject\_metroproject\_metroclient\libraries\org\scala-lang\scala-reflect\2.11.1\scala-reflect-2.11.1.jar, examining for mod candidates
[16:05:57] [Client thread/DEBUG] [FML/]: Found a minecraft related file at D:\_metroproject\_metroproject\_metroclient\libraries\org\scala-lang\scala-swing_2.11\1.0.1\scala-swing_2.11-1.0.1.jar, examining for mod candidates
[16:05:57] [Client thread/DEBUG] [FML/]: Found a minecraft related file at D:\_metroproject\_metroproject\_metroclient\libraries\org\scala-lang\scala-xml_2.11\1.0.2\scala-xml_2.11-1.0.2.jar, examining for mod candidates
[16:05:57] [Client thread/DEBUG] [FML/]: Found a minecraft related file at D:\_metroproject\_metroproject\_metroclient\libraries\tv\twitch\twitch\5.16\twitch-5.16.jar, examining for mod candidates
[16:05:57] [Client thread/DEBUG] [FML/]: Found a minecraft related file at D:\_metroproject\_metroproject\_metroclient\libraries\tv\twitch\twitch-external-platform\4.5\twitch-external-platform-4.5-natives-windows-64.jar, examining for mod candidates
[16:05:57] [Client thread/DEBUG] [FML/]: Found a minecraft related file at D:\_metroproject\_metroproject\_metroclient\libraries\tv\twitch\twitch-platform\5.16\twitch-platform-5.16-natives-windows-64.jar, examining for mod candidates
[16:05:57] [Client thread/DEBUG] [FML/]: Found a minecraft related file at D:\_metroproject\_metroproject\_metroclient\libraries\vecmath-1.5.2.jar, examining for mod candidates
[16:05:57] [Client thread/DEBUG] [FML/]: Minecraft jar mods loaded successfully
[16:05:57] [Client thread/INFO] [FML/]: Found 0 mods from the command line. Injecting into mod discoverer
[16:05:57] [Client thread/INFO] [FML/]: Searching D:\_metroproject\_metroproject\_metroclient\run\mods for mods
[16:05:57] [Client thread/DEBUG] [FML/]: Examining directory main for potential mods
[16:05:57] [Client thread/DEBUG] [FML/]: No mcmod.info file found in directory main
[16:05:57] [Client thread/TRACE] [FML/]: Recursing into package assets
[16:05:57] [Client thread/TRACE] [FML/]: Recursing into package assets.fml
[16:05:57] [Client thread/TRACE] [FML/]: Recursing into package assets.fml.lang
[16:05:58] [Client thread/TRACE] [FML/]: Recursing into package assets.fml.textures
[16:05:58] [Client thread/TRACE] [FML/]: Recursing into package assets.fml.textures.gui
[16:05:58] [Client thread/TRACE] [FML/]: Recursing into package assets.forge
[16:05:58] [Client thread/TRACE] [FML/]: Recursing into package assets.forge.lang
[16:05:58] [Client thread/TRACE] [FML/]: Recursing into package assets.minecraft
[16:05:58] [Client thread/TRACE] [FML/]: Recursing into package assets.minecraft.font
[16:05:58] [Client thread/TRACE] [FML/]: Recursing into package assets.minecraft.icons
[16:05:58] [Client thread/TRACE] [FML/]: Recursing into package assets.minecraft.lang
[16:05:58] [Client thread/TRACE] [FML/]: Recursing into package assets.minecraft.mcpatcher
[16:05:58] [Client thread/TRACE] [FML/]: Recursing into package assets.minecraft.mcpatcher.ctm
[16:05:58] [Client thread/TRACE] [FML/]: Recursing into package assets.minecraft.mcpatcher.ctm.default
[16:05:58] [Client thread/TRACE] [FML/]: Recursing into package assets.minecraft.mcpatcher.ctm.default.0_glass_white
[16:05:58] [Client thread/TRACE] [FML/]: Recursing into package assets.minecraft.mcpatcher.ctm.default.10_glass_purple
[16:05:58] [Client thread/TRACE] [FML/]: Recursing into package assets.minecraft.mcpatcher.ctm.default.11_glass_blue
[16:05:58] [Client thread/TRACE] [FML/]: Recursing into package assets.minecraft.mcpatcher.ctm.default.12_glass_brown
[16:05:58] [Client thread/TRACE] [FML/]: Recursing into package assets.minecraft.mcpatcher.ctm.default.13_glass_green
[16:05:58] [Client thread/TRACE] [FML/]: Recursing into package assets.minecraft.mcpatcher.ctm.default.14_glass_red
[16:05:58] [Client thread/TRACE] [FML/]: Recursing into package assets.minecraft.mcpatcher.ctm.default.15_glass_black
[16:05:58] [Client thread/TRACE] [FML/]: Recursing into package assets.minecraft.mcpatcher.ctm.default.1_glass_orange
[16:05:58] [Client thread/TRACE] [FML/]: Recursing into package assets.minecraft.mcpatcher.ctm.default.2_glass_magenta
[16:05:58] [Client thread/TRACE] [FML/]: Recursing into package assets.minecraft.mcpatcher.ctm.default.3_glass_light_blue
[16:05:58] [Client thread/TRACE] [FML/]: Recursing into package assets.minecraft.mcpatcher.ctm.default.4_glass_yellow
[16:05:58] [Client thread/TRACE] [FML/]: Recursing into package assets.minecraft.mcpatcher.ctm.default.5_glass_lime
[16:05:58] [Client thread/TRACE] [FML/]: Recursing into package assets.minecraft.mcpatcher.ctm.default.6_glass_pink
[16:05:58] [Client thread/TRACE] [FML/]: Recursing into package assets.minecraft.mcpatcher.ctm.default.7_glass_gray
[16:05:58] [Client thread/TRACE] [FML/]: Recursing into package assets.minecraft.mcpatcher.ctm.default.8_glass_silver
[16:05:58] [Client thread/TRACE] [FML/]: Recursing into package assets.minecraft.mcpatcher.ctm.default.9_glass_cyan
[16:05:58] [Client thread/TRACE] [FML/]: Recursing into package assets.minecraft.mcpatcher.ctm.default.bedrock
[16:05:58] [Client thread/TRACE] [FML/]: Recursing into package assets.minecraft.mcpatcher.ctm.default.concente_a
[16:05:58] [Client thread/TRACE] [FML/]: Recursing into package assets.minecraft.optifine
[16:05:58] [Client thread/TRACE] [FML/]: Recursing into package assets.minecraft.optifine.lang
[16:05:58] [Client thread/TRACE] [FML/]: Recursing into package assets.minecraft.shaders
[16:05:58] [Client thread/TRACE] [FML/]: Recursing into package assets.minecraft.shaders.post
[16:05:58] [Client thread/TRACE] [FML/]: Recursing into package assets.minecraft.shaders.program
[16:05:58] [Client thread/TRACE] [FML/]: Recursing into package assets.minecraft.sounds
[16:05:58] [Client thread/TRACE] [FML/]: Recursing into package assets.minecraft.sounds.ambient
[16:05:58] [Client thread/TRACE] [FML/]: Recursing into package assets.minecraft.sounds.ambient.cave
[16:05:58] [Client thread/TRACE] [FML/]: Recursing into package assets.minecraft.sounds.ambient.weather
[16:05:58] [Client thread/TRACE] [FML/]: Recursing into package assets.minecraft.sounds.damage
[16:05:58] [Client thread/TRACE] [FML/]: Recursing into package assets.minecraft.sounds.dig
[16:05:58] [Client thread/TRACE] [FML/]: Recursing into package assets.minecraft.sounds.fire
[16:05:58] [Client thread/TRACE] [FML/]: Recursing into package assets.minecraft.sounds.fireworks
[16:05:58] [Client thread/TRACE] [FML/]: Recursing into package assets.minecraft.sounds.liquid
[16:05:58] [Client thread/TRACE] [FML/]: Recursing into package assets.minecraft.sounds.minecart
[16:05:58] [Client thread/TRACE] [FML/]: Recursing into package assets.minecraft.sounds.mob
[16:05:58] [Client thread/TRACE] [FML/]: Recursing into package assets.minecraft.sounds.mob.bat
[16:05:58] [Client thread/TRACE] [FML/]: Recursing into package assets.minecraft.sounds.mob.blaze
[16:05:58] [Client thread/TRACE] [FML/]: Recursing into package assets.minecraft.sounds.mob.cat
[16:05:58] [Client thread/TRACE] [FML/]: Recursing into package assets.minecraft.sounds.mob.chicken
[16:05:58] [Client thread/TRACE] [FML/]: Recursing into package assets.minecraft.sounds.mob.cow
[16:05:58] [Client thread/TRACE] [FML/]: Recursing into package assets.minecraft.sounds.mob.creeper
[16:05:58] [Client thread/TRACE] [FML/]: Recursing into package assets.minecraft.sounds.mob.enderdragon
[16:05:58] [Client thread/TRACE] [FML/]: Recursing into package assets.minecraft.sounds.mob.endermen
[16:05:58] [Client thread/TRACE] [FML/]: Recursing into package assets.minecraft.sounds.mob.ghast
[16:05:58] [Client thread/TRACE] [FML/]: Recursing into package assets.minecraft.sounds.mob.horse
[16:05:58] [Client thread/TRACE] [FML/]: Recursing into package assets.minecraft.sounds.mob.horse.donkey
[16:05:58] [Client thread/TRACE] [FML/]: Recursing into package assets.minecraft.sounds.mob.horse.skeleton
[16:05:58] [Client thread/TRACE] [FML/]: Recursing into package assets.minecraft.sounds.mob.horse.zombie
[16:05:58] [Client thread/TRACE] [FML/]: Recursing into package assets.minecraft.sounds.mob.irongolem
[16:05:58] [Client thread/TRACE] [FML/]: Recursing into package assets.minecraft.sounds.mob.magmacube
[16:05:58] [Client thread/TRACE] [FML/]: Recursing into package assets.minecraft.sounds.mob.pig
[16:05:58] [Client thread/TRACE] [FML/]: Recursing into package assets.minecraft.sounds.mob.sheep
[16:05:58] [Client thread/TRACE] [FML/]: Recursing into package assets.minecraft.sounds.mob.silverfish
[16:05:58] [Client thread/TRACE] [FML/]: Recursing into package assets.minecraft.sounds.mob.skeleton
[16:05:58] [Client thread/TRACE] [FML/]: Recursing into package assets.minecraft.sounds.mob.slime
[16:05:58] [Client thread/TRACE] [FML/]: Recursing into package assets.minecraft.sounds.mob.spider
[16:05:58] [Client thread/TRACE] [FML/]: Recursing into package assets.minecraft.sounds.mob.villager
[16:05:58] [Client thread/TRACE] [FML/]: Recursing into package assets.minecraft.sounds.mob.wither
[16:05:58] [Client thread/TRACE] [FML/]: Recursing into package assets.minecraft.sounds.mob.wolf
[16:05:58] [Client thread/TRACE] [FML/]: Recursing into package assets.minecraft.sounds.mob.zombie
[16:05:58] [Client thread/TRACE] [FML/]: Recursing into package assets.minecraft.sounds.mob.zombiepig
[16:05:58] [Client thread/TRACE] [FML/]: Recursing into package assets.minecraft.sounds.music
[16:05:58] [Client thread/TRACE] [FML/]: Recursing into package assets.minecraft.sounds.music.game
[16:05:58] [Client thread/TRACE] [FML/]: Recursing into package assets.minecraft.sounds.music.game.creative
[16:05:58] [Client thread/TRACE] [FML/]: Recursing into package assets.minecraft.sounds.music.game.end
[16:05:58] [Client thread/TRACE] [FML/]: Recursing into package assets.minecraft.sounds.music.game.nether
[16:05:58] [Client thread/TRACE] [FML/]: Recursing into package assets.minecraft.sounds.music.menu
[16:05:58] [Client thread/TRACE] [FML/]: Recursing into package assets.minecraft.sounds.note
[16:05:58] [Client thread/TRACE] [FML/]: Recursing into package assets.minecraft.sounds.portal
[16:05:58] [Client thread/TRACE] [FML/]: Recursing into package assets.minecraft.sounds.random
[16:05:58] [Client thread/TRACE] [FML/]: Recursing into package assets.minecraft.sounds.records
[16:05:58] [Client thread/TRACE] [FML/]: Recursing into package assets.minecraft.sounds.step
[16:05:58] [Client thread/TRACE] [FML/]: Recursing into package assets.minecraft.sounds.tile
[16:05:58] [Client thread/TRACE] [FML/]: Recursing into package assets.minecraft.sounds.tile.piston
[16:05:58] [Client thread/TRACE] [FML/]: Recursing into package assets.minecraft.texts
[16:05:58] [Client thread/TRACE] [FML/]: Recursing into package assets.minecraft.textures
[16:05:58] [Client thread/TRACE] [FML/]: Recursing into package assets.minecraft.textures.blocks
[16:05:59] [Client thread/TRACE] [FML/]: Recursing into package assets.minecraft.textures.colormap
[16:05:59] [Client thread/TRACE] [FML/]: Recursing into package assets.minecraft.textures.effect
[16:05:59] [Client thread/TRACE] [FML/]: Recursing into package assets.minecraft.textures.entity
[16:05:59] [Client thread/TRACE] [FML/]: Recursing into package assets.minecraft.textures.entity.cat
[16:05:59] [Client thread/TRACE] [FML/]: Recursing into package assets.minecraft.textures.entity.chest
[16:05:59] [Client thread/TRACE] [FML/]: Recursing into package assets.minecraft.textures.entity.cow
[16:05:59] [Client thread/TRACE] [FML/]: Recursing into package assets.minecraft.textures.entity.creeper
[16:05:59] [Client thread/TRACE] [FML/]: Recursing into package assets.minecraft.textures.entity.endercrystal
[16:05:59] [Client thread/TRACE] [FML/]: Recursing into package assets.minecraft.textures.entity.enderdragon
[16:05:59] [Client thread/TRACE] [FML/]: Recursing into package assets.minecraft.textures.entity.enderman
[16:05:59] [Client thread/TRACE] [FML/]: Recursing into package assets.minecraft.textures.entity.ghast
[16:05:59] [Client thread/TRACE] [FML/]: Recursing into package assets.minecraft.textures.entity.horse
[16:05:59] [Client thread/TRACE] [FML/]: Recursing into package assets.minecraft.textures.entity.horse.armor
[16:05:59] [Client thread/TRACE] [FML/]: Recursing into package assets.minecraft.textures.entity.pig
[16:05:59] [Client thread/TRACE] [FML/]: Recursing into package assets.minecraft.textures.entity.sheep
[16:05:59] [Client thread/TRACE] [FML/]: Recursing into package assets.minecraft.textures.entity.skeleton
[16:05:59] [Client thread/TRACE] [FML/]: Recursing into package assets.minecraft.textures.entity.slime
[16:05:59] [Client thread/TRACE] [FML/]: Recursing into package assets.minecraft.textures.entity.spider
[16:05:59] [Client thread/TRACE] [FML/]: Recursing into package assets.minecraft.textures.entity.villager
[16:05:59] [Client thread/TRACE] [FML/]: Recursing into package assets.minecraft.textures.entity.wither
[16:05:59] [Client thread/TRACE] [FML/]: Recursing into package assets.minecraft.textures.entity.wolf
[16:05:59] [Client thread/TRACE] [FML/]: Recursing into package assets.minecraft.textures.entity.zombie
[16:05:59] [Client thread/TRACE] [FML/]: Recursing into package assets.minecraft.textures.environment
[16:05:59] [Client thread/TRACE] [FML/]: Recursing into package assets.minecraft.textures.font
[16:05:59] [Client thread/TRACE] [FML/]: Recursing into package assets.minecraft.textures.gui
[16:05:59] [Client thread/TRACE] [FML/]: Recursing into package assets.minecraft.textures.gui.achievement
[16:05:59] [Client thread/TRACE] [FML/]: Recursing into package assets.minecraft.textures.gui.container
[16:05:59] [Client thread/TRACE] [FML/]: Recursing into package assets.minecraft.textures.gui.container.creative_inventory
[16:05:59] [Client thread/TRACE] [FML/]: Recursing into package assets.minecraft.textures.gui.title
[16:05:59] [Client thread/TRACE] [FML/]: Recursing into package assets.minecraft.textures.gui.title.background
[16:05:59] [Client thread/TRACE] [FML/]: Recursing into package assets.minecraft.textures.items
[16:05:59] [Client thread/TRACE] [FML/]: Recursing into package assets.minecraft.textures.map
[16:05:59] [Client thread/TRACE] [FML/]: Recursing into package assets.minecraft.textures.misc
[16:05:59] [Client thread/TRACE] [FML/]: Recursing into package assets.minecraft.textures.models
[16:05:59] [Client thread/TRACE] [FML/]: Recursing into package assets.minecraft.textures.models.armor
[16:05:59] [Client thread/TRACE] [FML/]: Recursing into package assets.minecraft.textures.painting
[16:05:59] [Client thread/TRACE] [FML/]: Recursing into package assets.minecraft.textures.particle
[16:05:59] [Client thread/TRACE] [FML/]: Recursing into package assets.realms
[16:05:59] [Client thread/TRACE] [FML/]: Recursing into package assets.realms.lang
[16:05:59] [Client thread/TRACE] [FML/]: Recursing into package club
[16:05:59] [Client thread/TRACE] [FML/]: Recursing into package club.minnced
[16:05:59] [Client thread/TRACE] [FML/]: Recursing into package club.minnced.discord
[16:05:59] [Client thread/TRACE] [FML/]: Recursing into package club.minnced.discord.rpc
[16:05:59] [Client thread/TRACE] [FML/]: Recursing into package cpw
[16:05:59] [Client thread/TRACE] [FML/]: Recursing into package cpw.mods
[16:05:59] [Client thread/TRACE] [FML/]: Recursing into package cpw.mods.fml
[16:05:59] [Client thread/TRACE] [FML/]: Recursing into package cpw.mods.fml.client
[16:05:59] [Client thread/TRACE] [FML/]: Recursing into package cpw.mods.fml.client.config
[16:05:59] [Client thread/TRACE] [FML/]: Recursing into package cpw.mods.fml.client.event
[16:05:59] [Client thread/TRACE] [FML/]: Recursing into package cpw.mods.fml.client.registry
[16:05:59] [Client thread/TRACE] [FML/]: Recursing into package cpw.mods.fml.common
[16:05:59] [Client thread/TRACE] [FML/]: Recursing into package cpw.mods.fml.common.asm
[16:05:59] [Client thread/TRACE] [FML/]: Recursing into package cpw.mods.fml.common.asm.transformers
[16:05:59] [Client thread/TRACE] [FML/]: Recursing into package cpw.mods.fml.common.asm.transformers.deobf
[16:05:59] [Client thread/TRACE] [FML/]: Recursing into package cpw.mods.fml.common.discovery
[16:05:59] [Client thread/TRACE] [FML/]: Recursing into package cpw.mods.fml.common.discovery.asm
[16:05:59] [Client thread/TRACE] [FML/]: Recursing into package cpw.mods.fml.common.event
[16:06:00] [Client thread/TRACE] [FML/]: Recursing into package cpw.mods.fml.common.eventhandler
[16:06:00] [Client thread/TRACE] [FML/]: Recursing into package cpw.mods.fml.common.functions
[16:06:00] [Client thread/TRACE] [FML/]: Recursing into package cpw.mods.fml.common.gameevent
[16:06:00] [Client thread/TRACE] [FML/]: Recursing into package cpw.mods.fml.common.launcher
[16:06:00] [Client thread/TRACE] [FML/]: Recursing into package cpw.mods.fml.common.network
[16:06:00] [Client thread/TRACE] [FML/]: Recursing into package cpw.mods.fml.common.network.handshake
[16:06:00] [Client thread/TRACE] [FML/]: Recursing into package cpw.mods.fml.common.network.internal
[16:06:00] [Client thread/TRACE] [FML/]: Recursing into package cpw.mods.fml.common.network.simpleimpl
[16:06:00] [Client thread/TRACE] [FML/]: Recursing into package cpw.mods.fml.common.patcher
[16:06:00] [Client thread/TRACE] [FML/]: Recursing into package cpw.mods.fml.common.registry
[16:06:00] [Client thread/TRACE] [FML/]: Recursing into package cpw.mods.fml.common.toposort
[16:06:00] [Client thread/TRACE] [FML/]: Recursing into package cpw.mods.fml.common.versioning
[16:06:00] [Client thread/TRACE] [FML/]: Recursing into package cpw.mods.fml.relauncher
[16:06:00] [Client thread/TRACE] [FML/]: Recursing into package cpw.mods.fml.repackage
[16:06:00] [Client thread/TRACE] [FML/]: Recursing into package cpw.mods.fml.repackage.com
[16:06:00] [Client thread/TRACE] [FML/]: Recursing into package cpw.mods.fml.repackage.com.nothome
[16:06:00] [Client thread/TRACE] [FML/]: Recursing into package cpw.mods.fml.repackage.com.nothome.delta
[16:06:00] [Client thread/TRACE] [FML/]: Recursing into package cpw.mods.fml.server
[16:06:00] [Client thread/TRACE] [FML/]: Recursing into package darwin
[16:06:00] [Client thread/TRACE] [FML/]: Recursing into package ibxm
[16:06:00] [Client thread/TRACE] [FML/]: Recursing into package linux-x86-64
[16:06:00] [Client thread/TRACE] [FML/]: Recursing into package net
[16:06:00] [Client thread/TRACE] [FML/]: Recursing into package net.minecraft
[16:06:00] [Client thread/TRACE] [FML/]: Recursing into package net.minecraft.block
[16:06:00] [Client thread/TRACE] [FML/]: Recursing into package net.minecraft.block.material
[16:06:00] [Client thread/TRACE] [FML/]: Recursing into package net.minecraft.client
[16:06:00] [Client thread/TRACE] [FML/]: Recursing into package net.minecraft.client.audio
[16:06:00] [Client thread/TRACE] [FML/]: Recursing into package net.minecraft.client.entity
[16:06:00] [Client thread/TRACE] [FML/]: Recursing into package net.minecraft.client.gui
[16:06:00] [Client thread/TRACE] [FML/]: Recursing into package net.minecraft.client.gui.achievement
[16:06:00] [Client thread/TRACE] [FML/]: Recursing into package net.minecraft.client.gui.inventory
[16:06:00] [Client thread/TRACE] [FML/]: Recursing into package net.minecraft.client.gui.stream
[16:06:00] [Client thread/TRACE] [FML/]: Recursing into package net.minecraft.client.main
[16:06:00] [Client thread/TRACE] [FML/]: Recursing into package net.minecraft.client.model
[16:06:00] [Client thread/TRACE] [FML/]: Recursing into package net.minecraft.client.multiplayer
[16:06:01] [Client thread/TRACE] [FML/]: Recursing into package net.minecraft.client.network
[16:06:01] [Client thread/TRACE] [FML/]: Recursing into package net.minecraft.client.particle
[16:06:01] [Client thread/TRACE] [FML/]: Recursing into package net.minecraft.client.renderer
[16:06:01] [Client thread/TRACE] [FML/]: Recursing into package net.minecraft.client.renderer.culling
[16:06:01] [Client thread/TRACE] [FML/]: Recursing into package net.minecraft.client.renderer.entity
[16:06:01] [Client thread/TRACE] [FML/]: Recursing into package net.minecraft.client.renderer.texture
[16:06:01] [Client thread/TRACE] [FML/]: Recursing into package net.minecraft.client.renderer.tileentity
[16:06:01] [Client thread/TRACE] [FML/]: Recursing into package net.minecraft.client.resources
[16:06:01] [Client thread/TRACE] [FML/]: Recursing into package net.minecraft.client.resources.data
[16:06:01] [Client thread/TRACE] [FML/]: Recursing into package net.minecraft.client.settings
[16:06:01] [Client thread/TRACE] [FML/]: Recursing into package net.minecraft.client.shader
[16:06:01] [Client thread/TRACE] [FML/]: Recursing into package net.minecraft.client.stream
[16:06:01] [Client thread/TRACE] [FML/]: Recursing into package net.minecraft.client.util
[16:06:01] [Client thread/TRACE] [FML/]: Recursing into package net.minecraft.command
[16:06:01] [Client thread/TRACE] [FML/]: Recursing into package net.minecraft.command.server
[16:06:01] [Client thread/TRACE] [FML/]: Recursing into package net.minecraft.crash
[16:06:01] [Client thread/TRACE] [FML/]: Recursing into package net.minecraft.creativetab
[16:06:01] [Client thread/TRACE] [FML/]: Recursing into package net.minecraft.dispenser
[16:06:01] [Client thread/TRACE] [FML/]: Recursing into package net.minecraft.enchantment
[16:06:01] [Client thread/TRACE] [FML/]: Recursing into package net.minecraft.entity
[16:06:01] [Client thread/TRACE] [FML/]: Recursing into package net.minecraft.entity.ai
[16:06:01] [Client thread/TRACE] [FML/]: Recursing into package net.minecraft.entity.ai.attributes
[16:06:01] [Client thread/TRACE] [FML/]: Recursing into package net.minecraft.entity.boss
[16:06:01] [Client thread/TRACE] [FML/]: Recursing into package net.minecraft.entity.effect
[16:06:01] [Client thread/TRACE] [FML/]: Recursing into package net.minecraft.entity.item
[16:06:01] [Client thread/TRACE] [FML/]: Recursing into package net.minecraft.entity.monster
[16:06:01] [Client thread/TRACE] [FML/]: Recursing into package net.minecraft.entity.passive
[16:06:01] [Client thread/TRACE] [FML/]: Recursing into package net.minecraft.entity.player
[16:06:01] [Client thread/TRACE] [FML/]: Recursing into package net.minecraft.entity.projectile
[16:06:01] [Client thread/TRACE] [FML/]: Recursing into package net.minecraft.event
[16:06:01] [Client thread/TRACE] [FML/]: Recursing into package net.minecraft.init
[16:06:01] [Client thread/TRACE] [FML/]: Recursing into package net.minecraft.inventory
[16:06:01] [Client thread/TRACE] [FML/]: Recursing into package net.minecraft.item
[16:06:01] [Client thread/TRACE] [FML/]: Recursing into package net.minecraft.item.crafting
[16:06:01] [Client thread/TRACE] [FML/]: Recursing into package net.minecraft.nbt
[16:06:01] [Client thread/TRACE] [FML/]: Recursing into package net.minecraft.network
[16:06:01] [Client thread/TRACE] [FML/]: Recursing into package net.minecraft.network.handshake
[16:06:01] [Client thread/TRACE] [FML/]: Recursing into package net.minecraft.network.handshake.client
[16:06:01] [Client thread/TRACE] [FML/]: Recursing into package net.minecraft.network.login
[16:06:01] [Client thread/TRACE] [FML/]: Recursing into package net.minecraft.network.login.client
[16:06:01] [Client thread/TRACE] [FML/]: Recursing into package net.minecraft.network.login.server
[16:06:02] [Client thread/TRACE] [FML/]: Recursing into package net.minecraft.network.play
[16:06:02] [Client thread/TRACE] [FML/]: Recursing into package net.minecraft.network.play.client
[16:06:02] [Client thread/TRACE] [FML/]: Recursing into package net.minecraft.network.play.server
[16:06:02] [Client thread/TRACE] [FML/]: Recursing into package net.minecraft.network.rcon
[16:06:02] [Client thread/TRACE] [FML/]: Recursing into package net.minecraft.network.status
[16:06:02] [Client thread/TRACE] [FML/]: Recursing into package net.minecraft.network.status.client
[16:06:02] [Client thread/TRACE] [FML/]: Recursing into package net.minecraft.network.status.server
[16:06:02] [Client thread/TRACE] [FML/]: Recursing into package net.minecraft.pathfinding
[16:06:02] [Client thread/TRACE] [FML/]: Recursing into package net.minecraft.potion
[16:06:02] [Client thread/TRACE] [FML/]: Recursing into package net.minecraft.profiler
[16:06:02] [Client thread/TRACE] [FML/]: Recursing into package net.minecraft.realms
[16:06:02] [Client thread/TRACE] [FML/]: Recursing into package net.minecraft.scoreboard
[16:06:02] [Client thread/TRACE] [FML/]: Recursing into package net.minecraft.server
[16:06:02] [Client thread/TRACE] [FML/]: Recursing into package net.minecraft.server.dedicated
[16:06:02] [Client thread/TRACE] [FML/]: Recursing into package net.minecraft.server.gui
[16:06:02] [Client thread/TRACE] [FML/]: Recursing into package net.minecraft.server.integrated
[16:06:02] [Client thread/TRACE] [FML/]: Recursing into package net.minecraft.server.management
[16:06:02] [Client thread/TRACE] [FML/]: Recursing into package net.minecraft.server.network
[16:06:02] [Client thread/TRACE] [FML/]: Recursing into package net.minecraft.src
[16:06:02] [Client thread/TRACE] [FML/]: Recursing into package net.minecraft.stats
[16:06:02] [Client thread/TRACE] [FML/]: Recursing into package net.minecraft.tileentity
[16:06:02] [Client thread/TRACE] [FML/]: Recursing into package net.minecraft.util
[16:06:02] [Client thread/TRACE] [FML/]: Recursing into package net.minecraft.village
[16:06:02] [Client thread/TRACE] [FML/]: Recursing into package net.minecraft.world
[16:06:02] [Client thread/TRACE] [FML/]: Recursing into package net.minecraft.world.biome
[16:06:02] [Client thread/TRACE] [FML/]: Recursing into package net.minecraft.world.chunk
[16:06:02] [Client thread/TRACE] [FML/]: Recursing into package net.minecraft.world.chunk.storage
[16:06:02] [Client thread/TRACE] [FML/]: Recursing into package net.minecraft.world.demo
[16:06:02] [Client thread/TRACE] [FML/]: Recursing into package net.minecraft.world.gen
[16:06:02] [Client thread/TRACE] [FML/]: Recursing into package net.minecraft.world.gen.feature
[16:06:02] [Client thread/TRACE] [FML/]: Recursing into package net.minecraft.world.gen.layer
[16:06:02] [Client thread/TRACE] [FML/]: Recursing into package net.minecraft.world.gen.structure
[16:06:02] [Client thread/TRACE] [FML/]: Recursing into package net.minecraft.world.storage
[16:06:02] [Client thread/TRACE] [FML/]: Recursing into package net.minecraftforge
[16:06:02] [Client thread/TRACE] [FML/]: Recursing into package net.minecraftforge.classloading
[16:06:02] [Client thread/TRACE] [FML/]: Recursing into package net.minecraftforge.client
[16:06:02] [Client thread/TRACE] [FML/]: Recursing into package net.minecraftforge.client.event
[16:06:02] [Client thread/TRACE] [FML/]: Recursing into package net.minecraftforge.client.event.sound
[16:06:02] [Client thread/TRACE] [FML/]: Recursing into package net.minecraftforge.client.gui
[16:06:02] [Client thread/TRACE] [FML/]: Recursing into package net.minecraftforge.client.model
[16:06:02] [Client thread/TRACE] [FML/]: Recursing into package net.minecraftforge.client.model.obj
[16:06:02] [Client thread/TRACE] [FML/]: Recursing into package net.minecraftforge.client.model.techne
[16:06:02] [Client thread/TRACE] [FML/]: Recursing into package net.minecraftforge.common
[16:06:02] [Client thread/TRACE] [FML/]: Recursing into package net.minecraftforge.common.chunkio
[16:06:02] [Client thread/TRACE] [FML/]: Recursing into package net.minecraftforge.common.config
[16:06:02] [Client thread/TRACE] [FML/]: Recursing into package net.minecraftforge.common.network
[16:06:02] [Client thread/TRACE] [FML/]: Recursing into package net.minecraftforge.common.util
[16:06:02] [Client thread/TRACE] [FML/]: Recursing into package net.minecraftforge.event
[16:06:02] [Client thread/TRACE] [FML/]: Recursing into package net.minecraftforge.event.brewing
[16:06:03] [Client thread/TRACE] [FML/]: Recursing into package net.minecraftforge.event.entity
[16:06:03] [Client thread/TRACE] [FML/]: Recursing into package net.minecraftforge.event.entity.item
[16:06:03] [Client thread/TRACE] [FML/]: Recursing into package net.minecraftforge.event.entity.living
[16:06:03] [Client thread/TRACE] [FML/]: Recursing into package net.minecraftforge.event.entity.minecart
[16:06:03] [Client thread/TRACE] [FML/]: Recursing into package net.minecraftforge.event.entity.player
[16:06:03] [Client thread/TRACE] [FML/]: Recursing into package net.minecraftforge.event.terraingen
[16:06:03] [Client thread/TRACE] [FML/]: Recursing into package net.minecraftforge.event.world
[16:06:03] [Client thread/TRACE] [FML/]: Recursing into package net.minecraftforge.fluids
[16:06:03] [Client thread/TRACE] [FML/]: Recursing into package net.minecraftforge.oredict
[16:06:03] [Client thread/TRACE] [FML/]: Recursing into package net.minecraftforge.server
[16:06:03] [Client thread/TRACE] [FML/]: Recursing into package net.minecraftforge.server.command
[16:06:03] [Client thread/TRACE] [FML/]: Recursing into package net.minecraftforge.transformers
[16:06:03] [Client thread/TRACE] [FML/]: Recursing into package net.optifine
[16:06:03] [Client thread/TRACE] [FML/]: Recursing into package net.optifine.entity
[16:06:03] [Client thread/TRACE] [FML/]: Recursing into package net.optifine.entity.model
[16:06:03] [Client thread/TRACE] [FML/]: Recursing into package net.optifine.entity.model.anim
[16:06:03] [Client thread/TRACE] [FML/]: Recursing into package optifine
[16:06:03] [Client thread/TRACE] [FML/]: Recursing into package optifine.json
[16:06:03] [Client thread/TRACE] [FML/]: Recursing into package optifine.xdelta
[16:06:03] [Client thread/TRACE] [FML/]: Recursing into package paulscode
[16:06:03] [Client thread/TRACE] [FML/]: Recursing into package paulscode.sound
[16:06:03] [Client thread/TRACE] [FML/]: Recursing into package paulscode.sound.codecs
[16:06:03] [Client thread/TRACE] [FML/]: Recursing into package shadersmod
[16:06:03] [Client thread/TRACE] [FML/]: Recursing into package shadersmod.client
[16:06:03] [Client thread/TRACE] [FML/]: Recursing into package shadersmod.common
[16:06:03] [Client thread/TRACE] [FML/]: Recursing into package shadersmod.uniform
[16:06:03] [Client thread/TRACE] [FML/]: Recursing into package ua
[16:06:03] [Client thread/TRACE] [FML/]: Recursing into package ua.apulaz
[16:06:03] [Client thread/TRACE] [FML/]: Recursing into package ua.apulaz.discord
[16:06:03] [Client thread/TRACE] [FML/]: Recursing into package win32-x86
[16:06:03] [Client thread/TRACE] [FML/]: Recursing into package win32-x86-64
[16:06:03] [Client thread/DEBUG] [FML/]: Examining directory default for potential mods
[16:06:03] [Client thread/DEBUG] [FML/]: No mcmod.info file found in directory default
[16:06:03] [Client thread/DEBUG] [FML/]: Examining directory main for potential mods
[16:06:03] [Client thread/DEBUG] [FML/]: Found an mcmod.info file in directory main
[16:06:03] [Client thread/TRACE] [FML/]: Recursing into package assets
[16:06:03] [Client thread/TRACE] [FML/]: Recursing into package assets.littletiles
[16:06:03] [Client thread/TRACE] [FML/]: Recursing into package assets.littletiles.lang
[16:06:03] [Client thread/TRACE] [FML/]: Recursing into package assets.littletiles.textures
[16:06:03] [Client thread/TRACE] [FML/]: Recursing into package assets.littletiles.textures.blocks
[16:06:03] [Client thread/TRACE] [FML/]: Recursing into package assets.littletiles.textures.items
[16:06:03] [Client thread/TRACE] [FML/]: Recursing into package com
[16:06:03] [Client thread/TRACE] [FML/]: Recursing into package com.creativemd
[16:06:03] [Client thread/TRACE] [FML/]: Recursing into package com.creativemd.creativecore
[16:06:03] [Client thread/TRACE] [FML/]: Recursing into package com.creativemd.creativecore.api
[16:06:03] [Client thread/TRACE] [FML/]: Recursing into package com.creativemd.creativecore.api.nei
[16:06:03] [Client thread/TRACE] [FML/]: Recursing into package com.creativemd.creativecore.client
[16:06:03] [Client thread/TRACE] [FML/]: Recursing into package com.creativemd.creativecore.client.avatar
[16:06:03] [Client thread/TRACE] [FML/]: Recursing into package com.creativemd.creativecore.client.block
[16:06:03] [Client thread/TRACE] [FML/]: Recursing into package com.creativemd.creativecore.client.rendering
[16:06:03] [Client thread/TRACE] [FML/]: Recursing into package com.creativemd.creativecore.common
[16:06:03] [Client thread/TRACE] [FML/]: Recursing into package com.creativemd.creativecore.common.container
[16:06:03] [Client thread/TRACE] [FML/]: Recursing into package com.creativemd.creativecore.common.container.slot
[16:06:03] [Client thread/TRACE] [FML/]: Recursing into package com.creativemd.creativecore.common.entity
[16:06:03] [Client thread/TRACE] [FML/]: Recursing into package com.creativemd.creativecore.common.event
[16:06:03] [Client thread/TRACE] [FML/]: Recursing into package com.creativemd.creativecore.common.gui
[16:06:03] [Client thread/TRACE] [FML/]: Recursing into package com.creativemd.creativecore.common.gui.controls
[16:06:03] [Client thread/TRACE] [FML/]: Recursing into package com.creativemd.creativecore.common.gui.controls.container
[16:06:03] [Client thread/TRACE] [FML/]: Recursing into package com.creativemd.creativecore.common.gui.event
[16:06:03] [Client thread/TRACE] [FML/]: Recursing into package com.creativemd.creativecore.common.gui.event.container
[16:06:03] [Client thread/TRACE] [FML/]: Recursing into package com.creativemd.creativecore.common.gui.premade
[16:06:03] [Client thread/TRACE] [FML/]: Recursing into package com.creativemd.creativecore.common.multiblock
[16:06:03] [Client thread/TRACE] [FML/]: Recursing into package com.creativemd.creativecore.common.multiblock.connections
[16:06:03] [Client thread/TRACE] [FML/]: Recursing into package com.creativemd.creativecore.common.multiblock.example
[16:06:03] [Client thread/TRACE] [FML/]: Recursing into package com.creativemd.creativecore.common.multiblock.structures
[16:06:03] [Client thread/TRACE] [FML/]: Recursing into package com.creativemd.creativecore.common.packet
[16:06:03] [Client thread/TRACE] [FML/]: Recursing into package com.creativemd.creativecore.common.recipe
[16:06:03] [Client thread/TRACE] [FML/]: Recursing into package com.creativemd.creativecore.common.recipe.entry
[16:06:03] [Client thread/TRACE] [FML/]: Recursing into package com.creativemd.creativecore.common.tileentity
[16:06:03] [Client thread/TRACE] [FML/]: Recursing into package com.creativemd.creativecore.common.utils
[16:06:03] [Client thread/TRACE] [FML/]: Recursing into package com.creativemd.creativecore.common.utils.stack
[16:06:03] [Client thread/TRACE] [FML/]: Recursing into package com.creativemd.creativecore.common.utils.string
[16:06:03] [Client thread/TRACE] [FML/]: Recursing into package com.creativemd.creativecore.core
[16:06:03] [Client thread/TRACE] [FML/]: Recursing into package com.creativemd.creativecore.lib
[16:06:03] [Client thread/TRACE] [FML/]: Recursing into package com.creativemd.littletiles
[16:06:03] [Client thread/TRACE] [FML/]: Recursing into package com.creativemd.littletiles.client
[16:06:03] [Client thread/TRACE] [FML/]: Recursing into package com.creativemd.littletiles.client.render
[16:06:03] [Client thread/TRACE] [FML/]: Recursing into package com.creativemd.littletiles.common
[16:06:03] [Client thread/TRACE] [FML/]: Recursing into package com.creativemd.littletiles.common.blocks
[16:06:03] [Client thread/TRACE] [FML/]: Recursing into package com.creativemd.littletiles.common.events
[16:06:03] [Client thread/TRACE] [FML/]: Recursing into package com.creativemd.littletiles.common.gui
[16:06:03] [Client thread/TRACE] [FML/]: Recursing into package com.creativemd.littletiles.common.gui.controls
[16:06:03] [Client thread/TRACE] [FML/]: Recursing into package com.creativemd.littletiles.common.items
[16:06:03] [Client thread/TRACE] [FML/]: Recursing into package com.creativemd.littletiles.common.packet
[16:06:03] [Client thread/TRACE] [FML/]: Recursing into package com.creativemd.littletiles.common.sorting
[16:06:03] [Client thread/TRACE] [FML/]: Recursing into package com.creativemd.littletiles.common.structure
[16:06:03] [Client thread/TRACE] [FML/]: Recursing into package com.creativemd.littletiles.common.tileentity
[16:06:03] [Client thread/TRACE] [FML/]: Recursing into package com.creativemd.littletiles.common.utils
[16:06:03] [Client thread/TRACE] [FML/]: Recursing into package com.creativemd.littletiles.common.utils.small
[16:06:03] [Client thread/TRACE] [FML/]: Recursing into package com.creativemd.littletiles.server
[16:06:03] [Client thread/TRACE] [FML/]: Recursing into package com.creativemd.littletiles.utils
[16:06:03] [Client thread/TRACE] [FML/]: Recursing into package com.n247s
[16:06:03] [Client thread/TRACE] [FML/]: Recursing into package com.n247s.api
[16:06:03] [Client thread/TRACE] [FML/]: Recursing into package com.n247s.api.eventapi
[16:06:03] [Client thread/TRACE] [FML/]: Recursing into package com.n247s.api.eventapi.eventsystem
[16:06:03] [Client thread/TRACE] [FML/]: Recursing into package com.n247s.N2ConfigApi
[16:06:03] [Client thread/TRACE] [FML/]: Recursing into package com.n247s.N2ConfigApi.api
[16:06:03] [Client thread/TRACE] [FML/]: Recursing into package com.n247s.N2ConfigApi.api.core
[16:06:03] [Client thread/TRACE] [FML/]: Recursing into package com.n247s.N2ConfigApi.api.core.events
[16:06:03] [Client thread/TRACE] [FML/]: Recursing into package com.n247s.N2ConfigApi.api.core.parser
[16:06:03] [Client thread/TRACE] [FML/]: Recursing into package com.n247s.N2ConfigApi.api.networking
[16:06:03] [Client thread/TRACE] [FML/]: Recursing into package com.n247s.n2core
[16:06:03] [Client thread/TRACE] [FML/]: Recursing into package com.n247s.n2core.networking
[16:06:03] [Client thread/DEBUG] [FML/]: Examining directory default for potential mods
[16:06:03] [Client thread/DEBUG] [FML/]: No mcmod.info file found in directory default
[16:06:03] [Client thread/DEBUG] [FML/]: Examining file jsr305-3.0.1-sources.jar for potential mods
[16:06:03] [Client thread/DEBUG] [FML/]: The mod container jsr305-3.0.1-sources.jar appears to be missing an mcmod.info file
[16:06:03] [Client thread/DEBUG] [FML/]: Examining file jsr305-3.0.1.jar for potential mods
[16:06:03] [Client thread/DEBUG] [FML/]: The mod container jsr305-3.0.1.jar appears to be missing an mcmod.info file
[16:06:03] [Client thread/DEBUG] [FML/]: Examining file gson-2.2.4.jar for potential mods
[16:06:03] [Client thread/DEBUG] [FML/]: The mod container gson-2.2.4.jar appears to be missing an mcmod.info file
[16:06:03] [Client thread/DEBUG] [FML/]: Examining file guava-17.0.jar for potential mods
[16:06:03] [Client thread/DEBUG] [FML/]: The mod container guava-17.0.jar appears to be missing an mcmod.info file
[16:06:04] [Client thread/DEBUG] [FML/]: Examining file icu4j-core-mojang-51.2.jar for potential mods
[16:06:04] [Client thread/DEBUG] [FML/]: The mod container icu4j-core-mojang-51.2.jar appears to be missing an mcmod.info file
[16:06:05] [Client thread/DEBUG] [FML/]: Examining file authlib-1.5.21.jar for potential mods
[16:06:05] [Client thread/DEBUG] [FML/]: The mod container authlib-1.5.21.jar appears to be missing an mcmod.info file
[16:06:06] [Client thread/DEBUG] [FML/]: Examining file netty-1.6.jar for potential mods
[16:06:06] [Client thread/DEBUG] [FML/]: The mod container netty-1.6.jar appears to be missing an mcmod.info file
[16:06:06] [Client thread/DEBUG] [FML/]: Examining file realms-1.3.5.jar for potential mods
[16:06:06] [Client thread/DEBUG] [FML/]: The mod container realms-1.3.5.jar appears to be missing an mcmod.info file
[16:06:06] [Client thread/DEBUG] [FML/]: Examining file codecjorbis-20101023.jar for potential mods
[16:06:06] [Client thread/DEBUG] [FML/]: The mod container codecjorbis-20101023.jar appears to be missing an mcmod.info file
[16:06:06] [Client thread/DEBUG] [FML/]: Examining file codecwav-20101023.jar for potential mods
[16:06:06] [Client thread/DEBUG] [FML/]: The mod container codecwav-20101023.jar appears to be missing an mcmod.info file
[16:06:06] [Client thread/DEBUG] [FML/]: Examining file libraryjavasound-20101123.jar for potential mods
[16:06:06] [Client thread/DEBUG] [FML/]: The mod container libraryjavasound-20101123.jar appears to be missing an mcmod.info file
[16:06:06] [Client thread/DEBUG] [FML/]: Examining file librarylwjglopenal-20100824.jar for potential mods
[16:06:06] [Client thread/DEBUG] [FML/]: The mod container librarylwjglopenal-20100824.jar appears to be missing an mcmod.info file
[16:06:06] [Client thread/DEBUG] [FML/]: Examining file soundsystem-20120107.jar for potential mods
[16:06:06] [Client thread/DEBUG] [FML/]: The mod container soundsystem-20120107.jar appears to be missing an mcmod.info file
[16:06:06] [Client thread/DEBUG] [FML/]: Examining file akka-actor_2.11-2.3.3.jar for potential mods
[16:06:06] [Client thread/DEBUG] [FML/]: The mod container akka-actor_2.11-2.3.3.jar appears to be missing an mcmod.info file
[16:06:07] [Client thread/DEBUG] [FML/]: Examining file config-1.2.1.jar for potential mods
[16:06:07] [Client thread/DEBUG] [FML/]: The mod container config-1.2.1.jar appears to be missing an mcmod.info file
[16:06:07] [Client thread/DEBUG] [FML/]: Examining file commons-codec-1.9.jar for potential mods
[16:06:07] [Client thread/DEBUG] [FML/]: The mod container commons-codec-1.9.jar appears to be missing an mcmod.info file
[16:06:07] [Client thread/DEBUG] [FML/]: Examining file commons-io-2.4.jar for potential mods
[16:06:07] [Client thread/DEBUG] [FML/]: The mod container commons-io-2.4.jar appears to be missing an mcmod.info file
[16:06:07] [Client thread/DEBUG] [FML/]: Examining file commons-logging-1.1.3.jar for potential mods
[16:06:07] [Client thread/DEBUG] [FML/]: The mod container commons-logging-1.1.3.jar appears to be missing an mcmod.info file
