[09:06:04] [main/INFO]: Setting user: Player508
[09:06:07] [Client thread/INFO]: LWJGL Version: 2.9.4
[09:06:10] [Client thread/INFO]: [OptiFine] 
[09:06:10] [Client thread/INFO]: [OptiFine] OptiFine_1.7.10_HD_U_E7
[09:06:10] [Client thread/INFO]: [OptiFine] Build: null
[09:06:10] [Client thread/INFO]: [OptiFine] OS: Windows 10 (amd64) version 10.0
[09:06:10] [Client thread/INFO]: [OptiFine] Java: 1.8.0_341, Oracle Corporation
[09:06:10] [Client thread/INFO]: [OptiFine] VM: Java HotSpot(TM) 64-Bit Server VM (mixed mode), Oracle Corporation
[09:06:10] [Client thread/INFO]: [OptiFine] LWJGL: 2.9.4
[09:06:10] [Client thread/INFO]: [OptiFine] OpenGL: AMD Mobility Radeon HD 5000 Series, version 4.5.13417 Compatibility Profile Context 15.301.1901.0, ATI Technologies Inc.
[09:06:10] [Client thread/INFO]: [OptiFine] OpenGL Version: 4.5.13417
[09:06:10] [Client thread/INFO]: [OptiFine] OpenGL Fancy fog: Not available (GL_NV_fog_distance)
[09:06:10] [Client thread/INFO]: [OptiFine] Maximum texture size: 16384x16384
[09:06:10] [Thread-7/INFO]: [OptiFine] Checking for new version
[09:06:10] [Client thread/INFO]: [OptiFine] [Shaders] Delayed loading of block mappings after resources are loaded
[09:06:10] [Thread-7/INFO]: [OptiFine] Version found: E7
[09:06:31] [Client thread/INFO]: Reloading ResourceManager: Default, FMLFileResourcePack:Forge Mod Loader, FMLFileResourcePack:Minecraft Forge
[09:06:31] [Client thread/INFO]: [OptiFine] *** Reloading textures ***
[09:06:31] [Client thread/INFO]: [OptiFine] Resource packs: Default
[09:06:32] [Sound Library Loader/INFO]: Sound engine started
[09:06:33] [Client thread/INFO]: [OptiFine] ConnectedTextures: mcpatcher/ctm/default/0_glass_white/glass_pane_white.properties
[09:06:33] [Client thread/INFO]: [OptiFine] ConnectedTextures: mcpatcher/ctm/default/0_glass_white/glass_white.properties
[09:06:33] [Client thread/INFO]: [OptiFine] ConnectedTextures: mcpatcher/ctm/default/10_glass_purple/glass_pane_purple.properties
[09:06:33] [Client thread/INFO]: [OptiFine] ConnectedTextures: mcpatcher/ctm/default/10_glass_purple/glass_purple.properties
[09:06:33] [Client thread/INFO]: [OptiFine] ConnectedTextures: mcpatcher/ctm/default/11_glass_blue/glass_blue.properties
[09:06:33] [Client thread/INFO]: [OptiFine] ConnectedTextures: mcpatcher/ctm/default/11_glass_blue/glass_pane_blue.properties
[09:06:33] [Client thread/INFO]: [OptiFine] ConnectedTextures: mcpatcher/ctm/default/12_glass_brown/glass_brown.properties
[09:06:33] [Client thread/INFO]: [OptiFine] ConnectedTextures: mcpatcher/ctm/default/12_glass_brown/glass_pane_brown.properties
[09:06:33] [Client thread/INFO]: [OptiFine] ConnectedTextures: mcpatcher/ctm/default/13_glass_green/glass_green.properties
[09:06:33] [Client thread/INFO]: [OptiFine] ConnectedTextures: mcpatcher/ctm/default/13_glass_green/glass_pane_green.properties
[09:06:33] [Client thread/INFO]: [OptiFine] ConnectedTextures: mcpatcher/ctm/default/14_glass_red/glass_pane_red.properties
[09:06:33] [Client thread/INFO]: [OptiFine] ConnectedTextures: mcpatcher/ctm/default/14_glass_red/glass_red.properties
[09:06:33] [Client thread/INFO]: [OptiFine] ConnectedTextures: mcpatcher/ctm/default/15_glass_black/glass_black.properties
[09:06:33] [Client thread/INFO]: [OptiFine] ConnectedTextures: mcpatcher/ctm/default/15_glass_black/glass_pane_black.properties
[09:06:33] [Client thread/INFO]: [OptiFine] ConnectedTextures: mcpatcher/ctm/default/1_glass_orange/glass_orange.properties
[09:06:33] [Client thread/INFO]: [OptiFine] ConnectedTextures: mcpatcher/ctm/default/1_glass_orange/glass_pane_orange.properties
[09:06:33] [Client thread/INFO]: [OptiFine] ConnectedTextures: mcpatcher/ctm/default/2_glass_magenta/glass_magenta.properties
[09:06:33] [Client thread/INFO]: [OptiFine] ConnectedTextures: mcpatcher/ctm/default/2_glass_magenta/glass_pane_magenta.properties
[09:06:33] [Client thread/INFO]: [OptiFine] ConnectedTextures: mcpatcher/ctm/default/3_glass_light_blue/glass_light_blue.properties
[09:06:33] [Client thread/INFO]: [OptiFine] ConnectedTextures: mcpatcher/ctm/default/3_glass_light_blue/glass_pane_light_blue.properties
[09:06:33] [Client thread/INFO]: [OptiFine] ConnectedTextures: mcpatcher/ctm/default/4_glass_yellow/glass_pane_yellow.properties
[09:06:33] [Client thread/INFO]: [OptiFine] ConnectedTextures: mcpatcher/ctm/default/4_glass_yellow/glass_yellow.properties
[09:06:33] [Client thread/INFO]: [OptiFine] ConnectedTextures: mcpatcher/ctm/default/5_glass_lime/glass_lime.properties
[09:06:33] [Client thread/INFO]: [OptiFine] ConnectedTextures: mcpatcher/ctm/default/5_glass_lime/glass_pane_lime.properties
[09:06:34] [Client thread/INFO]: [OptiFine] ConnectedTextures: mcpatcher/ctm/default/6_glass_pink/glass_pane_pink.properties
[09:06:34] [Client thread/INFO]: [OptiFine] ConnectedTextures: mcpatcher/ctm/default/6_glass_pink/glass_pink.properties
[09:06:34] [Client thread/INFO]: [OptiFine] ConnectedTextures: mcpatcher/ctm/default/7_glass_gray/glass_gray.properties
[09:06:34] [Client thread/INFO]: [OptiFine] ConnectedTextures: mcpatcher/ctm/default/7_glass_gray/glass_pane_gray.properties
[09:06:34] [Client thread/INFO]: [OptiFine] ConnectedTextures: mcpatcher/ctm/default/8_glass_silver/glass_pane_silver.properties
[09:06:34] [Client thread/INFO]: [OptiFine] ConnectedTextures: mcpatcher/ctm/default/8_glass_silver/glass_silver.properties
[09:06:34] [Client thread/INFO]: [OptiFine] ConnectedTextures: mcpatcher/ctm/default/9_glass_cyan/glass_cyan.properties
[09:06:34] [Client thread/INFO]: [OptiFine] ConnectedTextures: mcpatcher/ctm/default/9_glass_cyan/glass_pane_cyan.properties
[09:06:34] [Client thread/INFO]: [OptiFine] ConnectedTextures: mcpatcher/ctm/default/bookshelf.properties
[09:06:34] [Client thread/INFO]: [OptiFine] ConnectedTextures: mcpatcher/ctm/default/glass.properties
[09:06:34] [Client thread/INFO]: [OptiFine] ConnectedTextures: mcpatcher/ctm/default/glasspane.properties
[09:06:34] [Client thread/INFO]: [OptiFine] ConnectedTextures: mcpatcher/ctm/default/sandstone.properties
[09:06:34] [Client thread/INFO]: [OptiFine] Multipass connected textures: false
[09:06:34] [Client thread/INFO]: [OptiFine] Loading texture map: textures/blocks
[09:06:34] [Client thread/INFO]: [OptiFine] ConnectedTextures: mcpatcher/ctm/default/0_glass_white/glass_pane_white.properties
[09:06:34] [Client thread/INFO]: [OptiFine] ConnectedTextures: mcpatcher/ctm/default/0_glass_white/glass_white.properties
[09:06:34] [Client thread/INFO]: [OptiFine] ConnectedTextures: mcpatcher/ctm/default/10_glass_purple/glass_pane_purple.properties
[09:06:34] [Client thread/INFO]: [OptiFine] ConnectedTextures: mcpatcher/ctm/default/10_glass_purple/glass_purple.properties
[09:06:34] [Client thread/INFO]: [OptiFine] ConnectedTextures: mcpatcher/ctm/default/11_glass_blue/glass_blue.properties
[09:06:34] [Client thread/INFO]: [OptiFine] ConnectedTextures: mcpatcher/ctm/default/11_glass_blue/glass_pane_blue.properties
[09:06:34] [Client thread/INFO]: [OptiFine] ConnectedTextures: mcpatcher/ctm/default/12_glass_brown/glass_brown.properties
[09:06:34] [Client thread/INFO]: [OptiFine] ConnectedTextures: mcpatcher/ctm/default/12_glass_brown/glass_pane_brown.properties
[09:06:34] [Client thread/INFO]: [OptiFine] ConnectedTextures: mcpatcher/ctm/default/13_glass_green/glass_green.properties
[09:06:34] [Client thread/INFO]: [OptiFine] ConnectedTextures: mcpatcher/ctm/default/13_glass_green/glass_pane_green.properties
[09:06:34] [Client thread/INFO]: [OptiFine] ConnectedTextures: mcpatcher/ctm/default/14_glass_red/glass_pane_red.properties
[09:06:34] [Client thread/INFO]: [OptiFine] ConnectedTextures: mcpatcher/ctm/default/14_glass_red/glass_red.properties
[09:06:34] [Client thread/INFO]: [OptiFine] ConnectedTextures: mcpatcher/ctm/default/15_glass_black/glass_black.properties
[09:06:34] [Client thread/INFO]: [OptiFine] ConnectedTextures: mcpatcher/ctm/default/15_glass_black/glass_pane_black.properties
[09:06:34] [Client thread/INFO]: [OptiFine] ConnectedTextures: mcpatcher/ctm/default/1_glass_orange/glass_orange.properties
[09:06:34] [Client thread/INFO]: [OptiFine] ConnectedTextures: mcpatcher/ctm/default/1_glass_orange/glass_pane_orange.properties
[09:06:34] [Client thread/INFO]: [OptiFine] ConnectedTextures: mcpatcher/ctm/default/2_glass_magenta/glass_magenta.properties
[09:06:34] [Client thread/INFO]: [OptiFine] ConnectedTextures: mcpatcher/ctm/default/2_glass_magenta/glass_pane_magenta.properties
[09:06:34] [Client thread/INFO]: [OptiFine] ConnectedTextures: mcpatcher/ctm/default/3_glass_light_blue/glass_light_blue.properties
[09:06:34] [Client thread/INFO]: [OptiFine] ConnectedTextures: mcpatcher/ctm/default/3_glass_light_blue/glass_pane_light_blue.properties
[09:06:34] [Client thread/INFO]: [OptiFine] ConnectedTextures: mcpatcher/ctm/default/4_glass_yellow/glass_pane_yellow.properties
[09:06:34] [Client thread/INFO]: [OptiFine] ConnectedTextures: mcpatcher/ctm/default/4_glass_yellow/glass_yellow.properties
[09:06:34] [Client thread/INFO]: [OptiFine] ConnectedTextures: mcpatcher/ctm/default/5_glass_lime/glass_lime.properties
[09:06:34] [Client thread/INFO]: [OptiFine] ConnectedTextures: mcpatcher/ctm/default/5_glass_lime/glass_pane_lime.properties
[09:06:34] [Client thread/INFO]: [OptiFine] ConnectedTextures: mcpatcher/ctm/default/6_glass_pink/glass_pane_pink.properties
[09:06:34] [Client thread/INFO]: [OptiFine] ConnectedTextures: mcpatcher/ctm/default/6_glass_pink/glass_pink.properties
[09:06:34] [Client thread/INFO]: [OptiFine] ConnectedTextures: mcpatcher/ctm/default/7_glass_gray/glass_gray.properties
[09:06:34] [Client thread/INFO]: [OptiFine] ConnectedTextures: mcpatcher/ctm/default/7_glass_gray/glass_pane_gray.properties
[09:06:34] [Client thread/INFO]: [OptiFine] ConnectedTextures: mcpatcher/ctm/default/8_glass_silver/glass_pane_silver.properties
[09:06:34] [Client thread/INFO]: [OptiFine] ConnectedTextures: mcpatcher/ctm/default/8_glass_silver/glass_silver.properties
[09:06:34] [Client thread/INFO]: [OptiFine] ConnectedTextures: mcpatcher/ctm/default/9_glass_cyan/glass_cyan.properties
[09:06:34] [Client thread/INFO]: [OptiFine] ConnectedTextures: mcpatcher/ctm/default/9_glass_cyan/glass_pane_cyan.properties
[09:06:34] [Client thread/INFO]: [OptiFine] ConnectedTextures: mcpatcher/ctm/default/bookshelf.properties
[09:06:34] [Client thread/INFO]: [OptiFine] ConnectedTextures: mcpatcher/ctm/default/glass.properties
[09:06:34] [Client thread/INFO]: [OptiFine] ConnectedTextures: mcpatcher/ctm/default/glasspane.properties
[09:06:34] [Client thread/INFO]: [OptiFine] ConnectedTextures: mcpatcher/ctm/default/sandstone.properties
[09:06:34] [Client thread/INFO]: [OptiFine] Multipass connected textures: false
[09:06:34] [Client thread/INFO]: [OptiFine] Texture size: textures/blocks, 16x16
[09:06:34] [Client thread/INFO]: Created: 16x16 textures/blocks-atlas
[09:06:34] [Client thread/INFO]: [OptiFine] Loading texture map: textures/items
[09:06:34] [Client thread/INFO]: [OptiFine] Texture size: textures/items, 16x16
[09:06:34] [Client thread/INFO]: Created: 16x16 textures/items-atlas
[09:06:34] [Client thread/INFO]: Reloading ResourceManager: Default, FMLFileResourcePack:Forge Mod Loader, FMLFileResourcePack:Minecraft Forge
[09:06:35] [Client thread/INFO]: [OptiFine] *** Reloading textures ***
[09:06:35] [Client thread/INFO]: [OptiFine] Resource packs: Default
[09:06:35] [Client thread/INFO]: [OptiFine] Loading texture map: textures/blocks
[09:06:35] [Client thread/INFO]: [OptiFine] ConnectedTextures: mcpatcher/ctm/default/0_glass_white/glass_pane_white.properties
[09:06:35] [Client thread/INFO]: [OptiFine] ConnectedTextures: mcpatcher/ctm/default/0_glass_white/glass_white.properties
[09:06:35] [Client thread/INFO]: [OptiFine] ConnectedTextures: mcpatcher/ctm/default/10_glass_purple/glass_pane_purple.properties
[09:06:35] [Client thread/INFO]: [OptiFine] ConnectedTextures: mcpatcher/ctm/default/10_glass_purple/glass_purple.properties
[09:06:35] [Client thread/INFO]: [OptiFine] ConnectedTextures: mcpatcher/ctm/default/11_glass_blue/glass_blue.properties
[09:06:35] [Client thread/INFO]: [OptiFine] ConnectedTextures: mcpatcher/ctm/default/11_glass_blue/glass_pane_blue.properties
[09:06:35] [Client thread/INFO]: [OptiFine] ConnectedTextures: mcpatcher/ctm/default/12_glass_brown/glass_brown.properties
[09:06:35] [Client thread/INFO]: [OptiFine] ConnectedTextures: mcpatcher/ctm/default/12_glass_brown/glass_pane_brown.properties
[09:06:35] [Client thread/INFO]: [OptiFine] ConnectedTextures: mcpatcher/ctm/default/13_glass_green/glass_green.properties
[09:06:35] [Client thread/INFO]: [OptiFine] ConnectedTextures: mcpatcher/ctm/default/13_glass_green/glass_pane_green.properties
[09:06:35] [Client thread/INFO]: [OptiFine] ConnectedTextures: mcpatcher/ctm/default/14_glass_red/glass_pane_red.properties
[09:06:35] [Client thread/INFO]: [OptiFine] ConnectedTextures: mcpatcher/ctm/default/14_glass_red/glass_red.properties
[09:06:35] [Client thread/INFO]: [OptiFine] ConnectedTextures: mcpatcher/ctm/default/15_glass_black/glass_black.properties
[09:06:35] [Client thread/INFO]: [OptiFine] ConnectedTextures: mcpatcher/ctm/default/15_glass_black/glass_pane_black.properties
[09:06:35] [Client thread/INFO]: [OptiFine] ConnectedTextures: mcpatcher/ctm/default/1_glass_orange/glass_orange.properties
[09:06:35] [Client thread/INFO]: [OptiFine] ConnectedTextures: mcpatcher/ctm/default/1_glass_orange/glass_pane_orange.properties
[09:06:35] [Client thread/INFO]: [OptiFine] ConnectedTextures: mcpatcher/ctm/default/2_glass_magenta/glass_magenta.properties
[09:06:35] [Client thread/INFO]: [OptiFine] ConnectedTextures: mcpatcher/ctm/default/2_glass_magenta/glass_pane_magenta.properties
[09:06:35] [Client thread/INFO]: [OptiFine] ConnectedTextures: mcpatcher/ctm/default/3_glass_light_blue/glass_light_blue.properties
[09:06:35] [Client thread/INFO]: [OptiFine] ConnectedTextures: mcpatcher/ctm/default/3_glass_light_blue/glass_pane_light_blue.properties
[09:06:35] [Client thread/INFO]: [OptiFine] ConnectedTextures: mcpatcher/ctm/default/4_glass_yellow/glass_pane_yellow.properties
[09:06:35] [Client thread/INFO]: [OptiFine] ConnectedTextures: mcpatcher/ctm/default/4_glass_yellow/glass_yellow.properties
[09:06:35] [Client thread/INFO]: [OptiFine] ConnectedTextures: mcpatcher/ctm/default/5_glass_lime/glass_lime.properties
[09:06:35] [Client thread/INFO]: [OptiFine] ConnectedTextures: mcpatcher/ctm/default/5_glass_lime/glass_pane_lime.properties
[09:06:35] [Client thread/INFO]: [OptiFine] ConnectedTextures: mcpatcher/ctm/default/6_glass_pink/glass_pane_pink.properties
[09:06:35] [Client thread/INFO]: [OptiFine] ConnectedTextures: mcpatcher/ctm/default/6_glass_pink/glass_pink.properties
[09:06:35] [Client thread/INFO]: [OptiFine] ConnectedTextures: mcpatcher/ctm/default/7_glass_gray/glass_gray.properties
[09:06:35] [Client thread/INFO]: [OptiFine] ConnectedTextures: mcpatcher/ctm/default/7_glass_gray/glass_pane_gray.properties
[09:06:35] [Client thread/INFO]: [OptiFine] ConnectedTextures: mcpatcher/ctm/default/8_glass_silver/glass_pane_silver.properties
[09:06:35] [Client thread/INFO]: [OptiFine] ConnectedTextures: mcpatcher/ctm/default/8_glass_silver/glass_silver.properties
[09:06:35] [Client thread/INFO]: [OptiFine] ConnectedTextures: mcpatcher/ctm/default/9_glass_cyan/glass_cyan.properties
[09:06:35] [Client thread/INFO]: [OptiFine] ConnectedTextures: mcpatcher/ctm/default/9_glass_cyan/glass_pane_cyan.properties
[09:06:35] [Client thread/INFO]: [OptiFine] ConnectedTextures: mcpatcher/ctm/default/bookshelf.properties
[09:06:35] [Client thread/INFO]: [OptiFine] ConnectedTextures: mcpatcher/ctm/default/glass.properties
[09:06:35] [Client thread/INFO]: [OptiFine] ConnectedTextures: mcpatcher/ctm/default/glasspane.properties
[09:06:35] [Client thread/INFO]: [OptiFine] ConnectedTextures: mcpatcher/ctm/default/sandstone.properties
[09:06:35] [Client thread/INFO]: [OptiFine] Multipass connected textures: false
[09:06:37] [Client thread/INFO]: [OptiFine] Texture size: textures/blocks, 1024x512
[09:06:37] [Client thread/INFO]: Created: 1024x512 textures/blocks-atlas
[09:06:43] [Client thread/INFO]: [OptiFine] Loading texture map: textures/items
[09:06:43] [Client thread/INFO]: [OptiFine] Texture size: textures/items, 256x256
[09:06:43] [Client thread/INFO]: Created: 256x256 textures/items-atlas
[09:06:44] [Sound Library Loader/INFO]: Sound engine started
[09:06:44] [Client thread/INFO]: [OptiFine] *** Reloading custom textures ***
[09:06:44] [Client thread/INFO]: [OptiFine] Loading custom colors: textures/colormap/grass.png
[09:06:44] [Client thread/INFO]: [OptiFine] Loading custom colors: textures/colormap/foliage.png
[09:06:52] [Server thread/INFO]: Starting integrated minecraft server version 1.7.10
[09:06:52] [Server thread/INFO]: Generating keypair
[09:06:53] [Server thread/INFO]: Preparing start region for level 0
[09:06:53] [Server thread/INFO]: Changing view distance to 32, from 10
[09:06:55] [Server thread/INFO]: Player508[local:E:9af81060] logged in with entity id 0 at (-714.1985589569418, 1.0, 2082.4381458168677)
[09:06:55] [Server thread/INFO]: Player508 присоединился к игре
[09:06:58] [Server thread/WARN]: Can't keep up! Did the system time change, or is the server overloaded? Running 3132ms behind, skipping 62 tick(s)
[09:07:11] [Server thread/INFO]: [Player508: Ваш режим игры изменён на Выживание]
[09:07:11] [Client thread/INFO]: [CHAT] Ваш игровой режим обновлён
[09:07:13] [Server thread/INFO]: <Player508> fff
[09:07:13] [Client thread/INFO]: [CHAT] <Player508> fff
[09:07:15] [Server thread/INFO]: <Player508> fffffffffffffffffffff
[09:07:15] [Client thread/INFO]: [CHAT] <Player508> fffffffffffffffffffff
[09:07:21] [Server thread/INFO]: Saving and pausing game...
[09:07:21] [Server thread/INFO]: Saving chunks for level 'Новый мир'/Overworld
[09:07:21] [Server thread/INFO]: Saving chunks for level 'Новый мир'/Nether
[09:07:21] [Server thread/INFO]: Saving chunks for level 'Новый мир'/The End
[09:07:22] [Server thread/INFO]: Saving and pausing game...
[09:07:22] [Server thread/INFO]: Saving chunks for level 'Новый мир'/Overworld
[09:07:22] [Server thread/INFO]: Saving chunks for level 'Новый мир'/Nether
[09:07:22] [Server thread/INFO]: Saving chunks for level 'Новый мир'/The End
[09:07:35] [Server thread/INFO]: [Player508: Ваш режим игры изменён на Выживание]
[09:07:35] [Client thread/INFO]: [CHAT] Ваш игровой режим обновлён
[09:07:36] [Server thread/INFO]: Player508 заработал достижение [Проверить карманы]
[09:07:36] [Client thread/INFO]: [CHAT] Player508 заработал достижение [Проверить карманы]
[09:07:39] [Server thread/INFO]: [Player508: Ваш режим игры изменён на Творческий режим]
[09:07:39] [Client thread/INFO]: [CHAT] Ваш игровой режим обновлён
[09:08:08] [Server thread/INFO]: Saving and pausing game...
[09:08:08] [Server thread/INFO]: Saving chunks for level 'Новый мир'/Overworld
[09:08:08] [Server thread/INFO]: Saving chunks for level 'Новый мир'/Nether
[09:08:08] [Server thread/INFO]: Saving chunks for level 'Новый мир'/The End
[09:08:13] [Server thread/INFO]: Saving and pausing game...
[09:08:13] [Server thread/INFO]: Saving chunks for level 'Новый мир'/Overworld
[09:08:13] [Server thread/INFO]: Saving chunks for level 'Новый мир'/Nether
[09:08:13] [Server thread/INFO]: Saving chunks for level 'Новый мир'/The End
[09:08:25] [Server thread/INFO]: Stopping server
[09:08:25] [Server thread/INFO]: Saving players
[09:08:25] [Server thread/INFO]: Saving worlds
[09:08:25] [Server thread/INFO]: Saving chunks for level 'Новый мир'/Overworld
[09:08:25] [Server thread/INFO]: Saving chunks for level 'Новый мир'/Nether
[09:08:25] [Server thread/INFO]: Saving chunks for level 'Новый мир'/The End
[09:08:27] [Client thread/INFO]: Stopping!
